#
# There is insufficient memory for the Java Runtime Environment to continue.
# Native memory allocation (malloc) failed to allocate 131088 bytes for Chunk::new
# Possible reasons:
#   The system is out of physical RAM or swap space
#   The process is running with CompressedOops enabled, and the Java Heap may be blocking the growth of the native heap
# Possible solutions:
#   Reduce memory load on the system
#   Increase physical memory or swap space
#   Check if swap backing store is full
#   Decrease Java heap size (-Xmx/-Xms)
#   Decrease number of Java threads
#   Decrease Java thread stack sizes (-Xss)
#   Set larger code cache with -XX:ReservedCodeCacheSize=
#   JVM is running with Unscaled Compressed Oops mode in which the Java heap is
#     placed in the first 4GB address space. The Java Heap base address is the
#     maximum limit for the native heap growth. Please use -XX:HeapBaseMinAddress
#     to set the Java Heap base and to place the Java Heap above 4GB virtual address.
# This output file may be truncated or incomplete.
#
#  Out of Memory Error (allocation.cpp:389), pid=88, tid=0x0000000000001d94
#
# JRE version: OpenJDK Runtime Environment (8.0_212-b04) (build 1.8.0_212-release-1586-b04)
# Java VM: OpenJDK 64-Bit Server VM (25.212-b04 mixed mode windows-amd64 compressed oops)
# Failed to write core dump. Minidumps are not enabled by default on client versions of Windows
#

---------------  T H R E A D  ---------------

Current thread (0x0000000018c58800):  JavaThread "C2 CompilerThread0" daemon [_thread_in_native, id=7572, stack(0x0000000019530000,0x0000000019630000)]

Stack: [0x0000000019530000,0x0000000019630000]
[error occurred during error reporting (printing stack bounds), id 0xc0000005]

Native frames: (J=compiled Java code, j=interpreted, Vv=VM code, C=native code)


Current CompileTask:
C2:  14627 6023       4       org.gradle.internal.instantiation.AbstractClassGenerator::inspectType (559 bytes)


---------------  P R O C E S S  ---------------

Java Threads: ( => current thread )
  0x000000001b173000 JavaThread "Cache worker for file content cache (C:\Users\Suntree\AndroidStudioProjects\ProjectKAP\.gradle\5.6.4\fileContent)" [_thread_blocked, id=2336, stack(0x0000000025f10000,0x0000000026010000)]
  0x000000001b176000 JavaThread "Cache worker for file content cache (C:\Users\Suntree\.gradle\caches\5.6.4\fileContent)" [_thread_blocked, id=4452, stack(0x0000000025e10000,0x0000000025f10000)]
  0x000000001b170800 JavaThread "Memory manager" [_thread_blocked, id=3576, stack(0x0000000025d10000,0x0000000025e10000)]
  0x000000001b175000 JavaThread "Cache worker for Build Output Cleanup Cache (C:\Users\Suntree\AndroidStudioProjects\ProjectKAP\.gradle\buildOutputCleanup)" [_thread_blocked, id=5040, stack(0x0000000024b80000,0x0000000024c80000)]
  0x000000001b176800 JavaThread "pool-1-thread-1" [_thread_blocked, id=7496, stack(0x0000000024a80000,0x0000000024b80000)]
  0x000000001b169000 JavaThread "Build operations Thread 8" [_thread_blocked, id=5192, stack(0x0000000024780000,0x0000000024880000)]
  0x000000001b170000 JavaThread "Build operations Thread 7" [_thread_blocked, id=2528, stack(0x0000000024680000,0x0000000024780000)]
  0x000000001b168800 JavaThread "Build operations Thread 6" [_thread_blocked, id=4448, stack(0x0000000024580000,0x0000000024680000)]
  0x000000001b16f000 JavaThread "Build operations Thread 5" [_thread_blocked, id=2164, stack(0x0000000024480000,0x0000000024580000)]
  0x000000001b16d800 JavaThread "Build operations Thread 4" [_thread_blocked, id=6316, stack(0x0000000024380000,0x0000000024480000)]
  0x000000001b16c000 JavaThread "Build operations Thread 3" [_thread_blocked, id=7584, stack(0x0000000024280000,0x0000000024380000)]
  0x000000001b16d000 JavaThread "Build operations Thread 2" [_thread_blocked, id=7972, stack(0x0000000024180000,0x0000000024280000)]
  0x000000001b16a800 JavaThread "Build operations" [_thread_blocked, id=7308, stack(0x0000000024080000,0x0000000024180000)]
  0x000000001b16b800 JavaThread "Cache worker for execution history cache (C:\Users\Suntree\.gradle\caches\5.6.4\executionHistory)" [_thread_blocked, id=5912, stack(0x0000000022db0000,0x0000000022eb0000)]
  0x000000001b16e800 JavaThread "Cache worker for cache directory md-rule (C:\Users\Suntree\.gradle\caches\5.6.4\md-rule)" [_thread_blocked, id=3664, stack(0x0000000020190000,0x0000000020290000)]
  0x000000001b16a000 JavaThread "Cache worker for cache directory md-supplier (C:\Users\Suntree\.gradle\caches\5.6.4\md-supplier)" [_thread_blocked, id=1172, stack(0x000000001fef0000,0x000000001fff0000)]
  0x000000001a3af800 JavaThread "Cache worker for file hash cache (C:\Users\Suntree\AndroidStudioProjects\ProjectKAP\.gradle\5.6.4\fileHashes)" [_thread_blocked, id=216, stack(0x0000000020090000,0x0000000020190000)]
  0x000000001a3b1000 JavaThread "Cache worker for journal cache (C:\Users\Suntree\.gradle\caches\journal-1)" [_thread_blocked, id=2152, stack(0x000000001da50000,0x000000001db50000)]
  0x000000001a3b3000 JavaThread "File lock request listener" [_thread_in_native, id=5524, stack(0x000000001d950000,0x000000001da50000)]
  0x000000001a3b4000 JavaThread "Cache worker for file hash cache (C:\Users\Suntree\.gradle\caches\5.6.4\fileHashes)" [_thread_blocked, id=4900, stack(0x000000001d850000,0x000000001d950000)]
  0x000000001b8b4800 JavaThread "Thread-9" [_thread_blocked, id=7180, stack(0x000000001d550000,0x000000001d650000)]
  0x000000001b84d000 JavaThread "Stdin handler" [_thread_blocked, id=4800, stack(0x000000001d450000,0x000000001d550000)]
  0x000000001b84c800 JavaThread "Asynchronous log dispatcher for DefaultDaemonConnection: socket connection from /127.0.0.1:50440 to /127.0.0.1:50441" [_thread_blocked, id=568, stack(0x000000001d250000,0x000000001d350000)]
  0x000000001b842800 JavaThread "Daemon worker" [_thread_in_native, id=6864, stack(0x000000001d150000,0x000000001d250000)]
  0x000000001b840000 JavaThread "Cancel handler" [_thread_blocked, id=6656, stack(0x000000001d050000,0x000000001d150000)]
  0x000000001b813000 JavaThread "Handler for socket connection from /127.0.0.1:50440 to /127.0.0.1:50441" [_thread_in_native, id=3956, stack(0x000000001cd50000,0x000000001ce50000)]
  0x000000001b80d800 JavaThread "Daemon" [_thread_blocked, id=5644, stack(0x000000001cc50000,0x000000001cd50000)]
  0x000000001b7f8000 JavaThread "Daemon periodic checks" [_thread_blocked, id=4644, stack(0x000000001cb50000,0x000000001cc50000)]
  0x000000001b797800 JavaThread "Incoming local TCP Connector on port 50440" [_thread_in_native, id=7440, stack(0x000000001c910000,0x000000001ca10000)]
  0x000000001b6e2000 JavaThread "Daemon health stats" [_thread_blocked, id=628, stack(0x000000001c2d0000,0x000000001c3d0000)]
  0x0000000018ca3800 JavaThread "Service Thread" daemon [_thread_blocked, id=1208, stack(0x0000000019930000,0x0000000019a30000)]
  0x0000000018c68800 JavaThread "C1 CompilerThread3" daemon [_thread_blocked, id=7932, stack(0x0000000019830000,0x0000000019930000)]
  0x0000000018c5f000 JavaThread "C2 CompilerThread2" daemon [_thread_blocked, id=728, stack(0x0000000019730000,0x0000000019830000)]
  0x0000000018c5c800 JavaThread "C2 CompilerThread1" daemon [_thread_blocked, id=6408, stack(0x0000000019630000,0x0000000019730000)]
=>0x0000000018c58800 JavaThread "C2 CompilerThread0" daemon [_thread_in_native, id=7572, stack(0x0000000019530000,0x0000000019630000)]
  0x0000000018c57800 JavaThread "Attach Listener" daemon [_thread_blocked, id=6336, stack(0x0000000019430000,0x0000000019530000)]
  0x0000000018c54000 JavaThread "Signal Dispatcher" daemon [_thread_blocked, id=2756, stack(0x0000000019330000,0x0000000019430000)]
  0x0000000002fa9000 JavaThread "Finalizer" daemon [_thread_blocked, id=8128, stack(0x0000000019130000,0x0000000019230000)]
  0x0000000002fa5800 JavaThread "Reference Handler" daemon [_thread_blocked, id=3636, stack(0x0000000019030000,0x0000000019130000)]
  0x000000000308e000 JavaThread "main" [_thread_blocked, id=7920, stack(0x0000000002d80000,0x0000000002e80000)]

Other Threads:
  0x0000000016e48800 VMThread [stack: 0x0000000018b30000,0x0000000018c30000] [id=1600]
  0x0000000018ca4800 WatcherThread [stack: 0x0000000019a30000,0x0000000019b30000] [id=7568]

VM state:not at safepoint (normal execution)

VM Mutex/Monitor currently owned by a thread: None

heap address: 0x00000000a0000000, size: 1536 MB, Compressed Oops mode: 32-bit
Narrow klass base: 0x0000000000000000, Narrow klass shift: 3
Compressed class space size: 1073741824 Address: 0x0000000100000000

Heap:
 PSYoungGen      total 173056K, used 32384K [0x00000000e0000000, 0x00000000ebe00000, 0x0000000100000000)
  eden space 157696K, 20% used [0x00000000e0000000,0x00000000e1fa00c8,0x00000000e9a00000)
  from space 15360K, 0% used [0x00000000eab00000,0x00000000eab00000,0x00000000eba00000)
  to   space 17408K, 0% used [0x00000000e9a00000,0x00000000e9a00000,0x00000000eab00000)
 ParOldGen       total 59904K, used 36002K [0x00000000a0000000, 0x00000000a3a80000, 0x00000000e0000000)
  object space 59904K, 60% used [0x00000000a0000000,0x00000000a2328b90,0x00000000a3a80000)
 Metaspace       used 58792K, capacity 60604K, committed 60800K, reserved 1101824K
  class space    used 8054K, capacity 8489K, committed 8576K, reserved 1048576K

Card table byte_map: [0x0000000012450000,0x0000000012760000] byte_map_base: 0x0000000011f50000

Marking Bits: (ParMarkBitMap*) 0x000000005f3a9f30
 Begin Bits: [0x0000000013160000, 0x0000000014960000)
 End Bits:   [0x0000000014960000, 0x0000000016160000)

Polling page: 0x0000000002e90000

CodeCache: size=245760Kb used=18323Kb max_used=18337Kb free=227436Kb
 bounds [0x0000000003090000, 0x0000000004290000, 0x0000000012090000]
 total_blobs=6314 nmethods=5532 adapters=695
 compilation: enabled

Compilation events (10 events):
Event: 14.089 Thread 0x0000000018c68800 6019       3       org.gradle.util.GUtil$1::compare (13 bytes)
Event: 14.089 Thread 0x0000000018c58800 6023       4       org.gradle.internal.instantiation.AbstractClassGenerator::inspectType (559 bytes)
Event: 14.089 Thread 0x0000000018c68800 nmethod 6019 0x00000000042756d0 code [0x0000000004275880, 0x0000000004275eb8]
Event: 14.089 Thread 0x0000000018c68800 6020       3       org.gradle.util.GUtil$1::compare (18 bytes)
Event: 14.089 Thread 0x0000000018c68800 nmethod 6020 0x0000000004274fd0 code [0x0000000004275160, 0x0000000004275538]
Event: 14.089 Thread 0x0000000018c68800 6021       3       org.gradle.api.internal.AbstractTask::compareTo (9 bytes)
Event: 14.089 Thread 0x0000000018c68800 nmethod 6021 0x0000000004274a90 code [0x0000000004274c00, 0x0000000004274f08]
Event: 14.089 Thread 0x0000000018c68800 6018       3       java.lang.Class::checkPackageAccess (94 bytes)
Event: 14.090 Thread 0x0000000018c68800 nmethod 6018 0x000000000427ae50 code [0x000000000427b180, 0x000000000427cb18]
Event: 14.104 Thread 0x0000000018c5c800 nmethod 6004 0x0000000004281410 code [0x0000000004281600, 0x00000000042825f8]

GC Heap History (10 events):
Event: 4.729 GC heap before
{Heap before GC invocations=11 (full 1):
 PSYoungGen      total 136704K, used 46814K [0x00000000e0000000, 0x00000000e9880000, 0x0000000100000000)
  eden space 125952K, 28% used [0x00000000e0000000,0x00000000e236e130,0x00000000e7b00000)
  from space 10752K, 97% used [0x00000000e7b00000,0x00000000e8549908,0x00000000e8580000)
  to   space 12288K, 0% used [0x00000000e8c80000,0x00000000e8c80000,0x00000000e9880000)
 ParOldGen       total 40960K, used 12224K [0x00000000a0000000, 0x00000000a2800000, 0x00000000e0000000)
  object space 40960K, 29% used [0x00000000a0000000,0x00000000a0bf01c0,0x00000000a2800000)
 Metaspace       used 34583K, capacity 35424K, committed 35456K, reserved 1079296K
  class space    used 4745K, capacity 4971K, committed 4992K, reserved 1048576K
Event: 4.739 GC heap after
Heap after GC invocations=11 (full 1):
 PSYoungGen      total 144384K, used 5633K [0x00000000e0000000, 0x00000000eba00000, 0x0000000100000000)
  eden space 132096K, 0% used [0x00000000e0000000,0x00000000e0000000,0x00000000e8100000)
  from space 12288K, 45% used [0x00000000e8c80000,0x00000000e92006e8,0x00000000e9880000)
  to   space 11776K, 0% used [0x00000000e8100000,0x00000000e8100000,0x00000000e8c80000)
 ParOldGen       total 40960K, used 15676K [0x00000000a0000000, 0x00000000a2800000, 0x00000000e0000000)
  object space 40960K, 38% used [0x00000000a0000000,0x00000000a0f4f1f0,0x00000000a2800000)
 Metaspace       used 34583K, capacity 35424K, committed 35456K, reserved 1079296K
  class space    used 4745K, capacity 4971K, committed 4992K, reserved 1048576K
}
Event: 4.739 GC heap before
{Heap before GC invocations=12 (full 2):
 PSYoungGen      total 144384K, used 5633K [0x00000000e0000000, 0x00000000eba00000, 0x0000000100000000)
  eden space 132096K, 0% used [0x00000000e0000000,0x00000000e0000000,0x00000000e8100000)
  from space 12288K, 45% used [0x00000000e8c80000,0x00000000e92006e8,0x00000000e9880000)
  to   space 11776K, 0% used [0x00000000e8100000,0x00000000e8100000,0x00000000e8c80000)
 ParOldGen       total 40960K, used 15676K [0x00000000a0000000, 0x00000000a2800000, 0x00000000e0000000)
  object space 40960K, 38% used [0x00000000a0000000,0x00000000a0f4f1f0,0x00000000a2800000)
 Metaspace       used 34583K, capacity 35424K, committed 35456K, reserved 1079296K
  class space    used 4745K, capacity 4971K, committed 4992K, reserved 1048576K
Event: 4.808 GC heap after
Heap after GC invocations=12 (full 2):
 PSYoungGen      total 144384K, used 0K [0x00000000e0000000, 0x00000000eba00000, 0x0000000100000000)
  eden space 132096K, 0% used [0x00000000e0000000,0x00000000e0000000,0x00000000e8100000)
  from space 12288K, 0% used [0x00000000e8c80000,0x00000000e8c80000,0x00000000e9880000)
  to   space 11776K, 0% used [0x00000000e8100000,0x00000000e8100000,0x00000000e8c80000)
 ParOldGen       total 59904K, used 15870K [0x00000000a0000000, 0x00000000a3a80000, 0x00000000e0000000)
  object space 59904K, 26% used [0x00000000a0000000,0x00000000a0f7faa8,0x00000000a3a80000)
 Metaspace       used 34558K, capacity 35340K, committed 35456K, reserved 1079296K
  class space    used 4738K, capacity 4957K, committed 4992K, reserved 1048576K
}
Event: 8.492 GC heap before
{Heap before GC invocations=13 (full 2):
 PSYoungGen      total 144384K, used 132096K [0x00000000e0000000, 0x00000000eba00000, 0x0000000100000000)
  eden space 132096K, 100% used [0x00000000e0000000,0x00000000e8100000,0x00000000e8100000)
  from space 12288K, 0% used [0x00000000e8c80000,0x00000000e8c80000,0x00000000e9880000)
  to   space 11776K, 0% used [0x00000000e8100000,0x00000000e8100000,0x00000000e8c80000)
 ParOldGen       total 59904K, used 15870K [0x00000000a0000000, 0x00000000a3a80000, 0x00000000e0000000)
  object space 59904K, 26% used [0x00000000a0000000,0x00000000a0f7faa8,0x00000000a3a80000)
 Metaspace       used 47974K, capacity 49184K, committed 49536K, reserved 1091584K
  class space    used 6374K, capacity 6694K, committed 6784K, reserved 1048576K
Event: 8.506 GC heap after
Heap after GC invocations=13 (full 2):
 PSYoungGen      total 143872K, used 11767K [0x00000000e0000000, 0x00000000eba00000, 0x0000000100000000)
  eden space 132096K, 0% used [0x00000000e0000000,0x00000000e0000000,0x00000000e8100000)
  from space 11776K, 99% used [0x00000000e8100000,0x00000000e8c7dc60,0x00000000e8c80000)
  to   space 15360K, 0% used [0x00000000eab00000,0x00000000eab00000,0x00000000eba00000)
 ParOldGen       total 59904K, used 21026K [0x00000000a0000000, 0x00000000a3a80000, 0x00000000e0000000)
  object space 59904K, 35% used [0x00000000a0000000,0x00000000a1488ae0,0x00000000a3a80000)
 Metaspace       used 47974K, capacity 49184K, committed 49536K, reserved 1091584K
  class space    used 6374K, capacity 6694K, committed 6784K, reserved 1048576K
}
Event: 11.687 GC heap before
{Heap before GC invocations=14 (full 2):
 PSYoungGen      total 143872K, used 143320K [0x00000000e0000000, 0x00000000eba00000, 0x0000000100000000)
  eden space 132096K, 99% used [0x00000000e0000000,0x00000000e8078690,0x00000000e8100000)
  from space 11776K, 99% used [0x00000000e8100000,0x00000000e8c7dc60,0x00000000e8c80000)
  to   space 15360K, 0% used [0x00000000eab00000,0x00000000eab00000,0x00000000eba00000)
 ParOldGen       total 59904K, used 21026K [0x00000000a0000000, 0x00000000a3a80000, 0x00000000e0000000)
  object space 59904K, 35% used [0x00000000a0000000,0x00000000a1488ae0,0x00000000a3a80000)
 Metaspace       used 57288K, capacity 59004K, committed 59096K, reserved 1099776K
  class space    used 7843K, capacity 8257K, committed 8320K, reserved 1048576K
Event: 11.723 GC heap after
Heap after GC invocations=14 (full 2):
 PSYoungGen      total 173056K, used 14179K [0x00000000e0000000, 0x00000000ebe00000, 0x0000000100000000)
  eden space 157696K, 0% used [0x00000000e0000000,0x00000000e0000000,0x00000000e9a00000)
  from space 15360K, 92% used [0x00000000eab00000,0x00000000eb8d8d38,0x00000000eba00000)
  to   space 17408K, 0% used [0x00000000e9a00000,0x00000000e9a00000,0x00000000eab00000)
 ParOldGen       total 59904K, used 28745K [0x00000000a0000000, 0x00000000a3a80000, 0x00000000e0000000)
  object space 59904K, 47% used [0x00000000a0000000,0x00000000a1c126b8,0x00000000a3a80000)
 Metaspace       used 57288K, capacity 59004K, committed 59096K, reserved 1099776K
  class space    used 7843K, capacity 8257K, committed 8320K, reserved 1048576K
}
Event: 11.723 GC heap before
{Heap before GC invocations=15 (full 3):
 PSYoungGen      total 173056K, used 14179K [0x00000000e0000000, 0x00000000ebe00000, 0x0000000100000000)
  eden space 157696K, 0% used [0x00000000e0000000,0x00000000e0000000,0x00000000e9a00000)
  from space 15360K, 92% used [0x00000000eab00000,0x00000000eb8d8d38,0x00000000eba00000)
  to   space 17408K, 0% used [0x00000000e9a00000,0x00000000e9a00000,0x00000000eab00000)
 ParOldGen       total 59904K, used 28745K [0x00000000a0000000, 0x00000000a3a80000, 0x00000000e0000000)
  object space 59904K, 47% used [0x00000000a0000000,0x00000000a1c126b8,0x00000000a3a80000)
 Metaspace       used 57288K, capacity 59004K, committed 59096K, reserved 1099776K
  class space    used 7843K, capacity 8257K, committed 8320K, reserved 1048576K
Event: 12.039 GC heap after
Heap after GC invocations=15 (full 3):
 PSYoungGen      total 173056K, used 0K [0x00000000e0000000, 0x00000000ebe00000, 0x0000000100000000)
  eden space 157696K, 0% used [0x00000000e0000000,0x00000000e0000000,0x00000000e9a00000)
  from space 15360K, 0% used [0x00000000eab00000,0x00000000eab00000,0x00000000eba00000)
  to   space 17408K, 0% used [0x00000000e9a00000,0x00000000e9a00000,0x00000000eab00000)
 ParOldGen       total 59904K, used 36002K [0x00000000a0000000, 0x00000000a3a80000, 0x00000000e0000000)
  object space 59904K, 60% used [0x00000000a0000000,0x00000000a2328b90,0x00000000a3a80000)
 Metaspace       used 57288K, capacity 59004K, committed 59096K, reserved 1099776K
  class space    used 7843K, capacity 8257K, committed 8320K, reserved 1048576K
}

Deoptimization events (10 events):
Event: 12.046 Thread 0x000000001b842800 Uncommon trap: reason=unstable_if action=reinterpret pc=0x0000000004155278 method=com.sun.org.apache.xerces.internal.impl.XMLEntityScanner.peekChar()I @ 14
Event: 12.055 Thread 0x000000001b842800 Uncommon trap: reason=unstable_if action=reinterpret pc=0x0000000003f3cbc0 method=com.sun.org.apache.xerces.internal.util.SymbolTable.addSymbol([CII)Ljava/lang/String; @ 38
Event: 12.115 Thread 0x000000001b842800 Uncommon trap: reason=unstable_if action=reinterpret pc=0x0000000003204e9c method=java.lang.CharacterDataLatin1.digit(II)I @ 31
Event: 12.203 Thread 0x000000001b842800 Uncommon trap: reason=unstable_if action=reinterpret pc=0x0000000003e6fad8 method=com.google.gson.stream.JsonReader.doPeek()I @ 315
Event: 12.491 Thread 0x000000001b842800 Uncommon trap: reason=array_check action=maybe_recompile pc=0x0000000003cee270 method=java.util.AbstractCollection.toArray([Ljava/lang/Object;)[Ljava/lang/Object; @ 119
Event: 12.493 Thread 0x000000001b842800 Uncommon trap: reason=array_check action=maybe_recompile pc=0x0000000003cee270 method=java.util.AbstractCollection.toArray([Ljava/lang/Object;)[Ljava/lang/Object; @ 119
Event: 12.493 Thread 0x000000001b842800 Uncommon trap: reason=array_check action=maybe_recompile pc=0x0000000003cee270 method=java.util.AbstractCollection.toArray([Ljava/lang/Object;)[Ljava/lang/Object; @ 119
Event: 12.493 Thread 0x000000001b842800 Uncommon trap: reason=array_check action=maybe_recompile pc=0x0000000003cee270 method=java.util.AbstractCollection.toArray([Ljava/lang/Object;)[Ljava/lang/Object; @ 119
Event: 12.943 Thread 0x000000001b842800 Uncommon trap: reason=unstable_if action=reinterpret pc=0x00000000032d829c method=java.util.ArrayDeque.addLast(Ljava/lang/Object;)V @ 45
Event: 12.943 Thread 0x000000001b842800 Uncommon trap: reason=unstable_if action=reinterpret pc=0x00000000035e2494 method=java.util.ArrayDeque.addLast(Ljava/lang/Object;)V @ 45

Classes redefined (0 events):
No events

Internal exceptions (10 events):
Event: 9.339 Thread 0x000000001b842800 Exception <a 'java/lang/ClassNotFoundException': org/gradle/api/plugins/internal/DefaultJavaPluginConventionCustomizer> (0x00000000e2128720) thrown at [D:\src\AOSP-openjdk-cygwin\jdk8u\hotspot\src\share\vm\classfile\systemDictionary.cpp, line 210]
Event: 9.618 Thread 0x000000001b842800 Exception <a 'java/lang/NoSuchMethodError': java.lang.Object.lambda$comparingInt$7b0bb60$1(Ljava/util/function/ToIntFunction;Ljava/lang/Object;Ljava/lang/Object;)I> (0x00000000e2b8c798) thrown at [D:\src\AOSP-openjdk-cygwin\jdk8u\hotspot\src\share\vm\inte
Event: 10.205 Thread 0x000000001b842800 Exception <a 'java/lang/ClassNotFoundException': com/android/build/gradle/internal/api/ApkVariantOutputImpl_DecoratedBeanInfo> (0x00000000e3bfaa20) thrown at [D:\src\AOSP-openjdk-cygwin\jdk8u\hotspot\src\share\vm\classfile\systemDictionary.cpp, line 210]
Event: 10.205 Thread 0x000000001b842800 Exception <a 'java/lang/ClassNotFoundException': com/android/build/gradle/internal/api/ApkVariantOutputImplBeanInfo> (0x00000000e3c18ff0) thrown at [D:\src\AOSP-openjdk-cygwin\jdk8u\hotspot\src\share\vm\classfile\systemDictionary.cpp, line 210]
Event: 10.205 Thread 0x000000001b842800 Exception <a 'java/lang/ClassNotFoundException': com/android/build/gradle/internal/api/BaseVariantOutputImplBeanInfo> (0x00000000e3c38ad0) thrown at [D:\src\AOSP-openjdk-cygwin\jdk8u\hotspot\src\share\vm\classfile\systemDictionary.cpp, line 210]
Event: 10.206 Thread 0x000000001b842800 Exception <a 'java/lang/ClassNotFoundException': com/android/build/gradle/internal/api/BaseVariantOutputImplCustomizer> (0x00000000e3c58b70) thrown at [D:\src\AOSP-openjdk-cygwin\jdk8u\hotspot\src\share\vm\classfile\systemDictionary.cpp, line 210]
Event: 10.206 Thread 0x000000001b842800 Exception <a 'java/lang/ClassNotFoundException': com/android/build/gradle/internal/api/ApkVariantOutputImplCustomizer> (0x00000000e3c927d8) thrown at [D:\src\AOSP-openjdk-cygwin\jdk8u\hotspot\src\share\vm\classfile\systemDictionary.cpp, line 210]
Event: 10.207 Thread 0x000000001b842800 Exception <a 'java/lang/ClassNotFoundException': com/android/build/gradle/internal/api/ApkVariantOutputImpl_DecoratedCustomizer> (0x00000000e3cc7da8) thrown at [D:\src\AOSP-openjdk-cygwin\jdk8u\hotspot\src\share\vm\classfile\systemDictionary.cpp, line 210
Event: 11.197 Thread 0x000000001b842800 Exception <a 'java/lang/ClassNotFoundException': com/sun/org/glassfish/hk2/osgiresourcelocator/ServiceLoader> (0x00000000e641efa0) thrown at [D:\src\AOSP-openjdk-cygwin\jdk8u\hotspot\src\share\vm\classfile\systemDictionary.cpp, line 210]
Event: 11.311 Thread 0x000000001b842800 Exception <a 'java/lang/NullPointerException'> (0x00000000e6acf6b8) thrown at [D:\src\AOSP-openjdk-cygwin\jdk8u\hotspot\src\share\vm\interpreter\linkResolver.cpp, line 1287]

Events (10 events):
Event: 14.085 Thread 0x000000001b842800 DEOPT PACKING pc=0x0000000003d5f1bb sp=0x000000001d249c40
Event: 14.085 Thread 0x000000001b842800 DEOPT UNPACKING pc=0x00000000030d75d0 sp=0x000000001d249968 mode 0
Event: 14.089 Thread 0x000000001b842800 DEOPT PACKING pc=0x0000000003893229 sp=0x000000001d24a260
Event: 14.089 Thread 0x000000001b842800 DEOPT UNPACKING pc=0x00000000030d75d0 sp=0x000000001d24a098 mode 0
Event: 14.089 loading class com/android/build/gradle/internal/tasks/MergeNativeLibsTask$Companion
Event: 14.089 loading class com/android/build/gradle/internal/tasks/MergeNativeLibsTask$Companion done
Event: 14.275 loading class com/android/build/gradle/internal/tasks/MergeNativeLibsTask$Companion$predicate$1
Event: 14.275 loading class com/android/build/gradle/internal/tasks/MergeNativeLibsTask$Companion$predicate$1 done
Event: 14.276 loading class com/android/build/gradle/internal/tasks/MergeNativeLibsTask$Companion$spec$1
Event: 14.276 loading class com/android/build/gradle/internal/tasks/MergeNativeLibsTask$Companion$spec$1 done


Dynamic libraries:
0x00007ff7cd080000 - 0x00007ff7cd0b1000 	C:\Program Files\Android\Android Studio\jre\bin\java.exe
0x00007ffdc8fe0000 - 0x00007ffdc91d0000 	C:\Windows\SYSTEM32\ntdll.dll
0x00007ffdc7840000 - 0x00007ffdc78f2000 	C:\Windows\System32\KERNEL32.DLL
0x00007ffdc6290000 - 0x00007ffdc6533000 	C:\Windows\System32\KERNELBASE.dll
0x00007ffdc8560000 - 0x00007ffdc8603000 	C:\Windows\System32\ADVAPI32.dll
0x00007ffdc8e20000 - 0x00007ffdc8ebe000 	C:\Windows\System32\msvcrt.dll
0x00007ffdc7fe0000 - 0x00007ffdc8077000 	C:\Windows\System32\sechost.dll
0x00007ffdc7900000 - 0x00007ffdc7a20000 	C:\Windows\System32\RPCRT4.dll
0x00007ffdc8080000 - 0x00007ffdc8214000 	C:\Windows\System32\USER32.dll
0x00007ffdc6ed0000 - 0x00007ffdc6ef1000 	C:\Windows\System32\win32u.dll
0x00007ffdc8ec0000 - 0x00007ffdc8ee6000 	C:\Windows\System32\GDI32.dll
0x00007ffdc6540000 - 0x00007ffdc66d4000 	C:\Windows\System32\gdi32full.dll
0x00007ffdc60f0000 - 0x00007ffdc618e000 	C:\Windows\System32\msvcp_win.dll
0x00007ffdc6190000 - 0x00007ffdc628a000 	C:\Windows\System32\ucrtbase.dll
0x00007ffdbb210000 - 0x00007ffdbb495000 	C:\Windows\WinSxS\amd64_microsoft.windows.common-controls_6595b64144ccf1df_6.0.18362.778_none_e6c6b761130d4fb8\COMCTL32.dll
0x00007ffdc7b50000 - 0x00007ffdc7e86000 	C:\Windows\System32\combase.dll
0x00007ffdc6f00000 - 0x00007ffdc6f80000 	C:\Windows\System32\bcryptPrimitives.dll
0x00007ffdc8f70000 - 0x00007ffdc8f9e000 	C:\Windows\System32\IMM32.DLL
0x000000005f8b0000 - 0x000000005f982000 	C:\Program Files\Android\Android Studio\jre\jre\bin\msvcr100.dll
0x000000005ebe0000 - 0x000000005f426000 	C:\Program Files\Android\Android Studio\jre\jre\bin\server\jvm.dll
0x00007ffdc8700000 - 0x00007ffdc8708000 	C:\Windows\System32\PSAPI.DLL
0x00007ffdb4fb0000 - 0x00007ffdb4fb9000 	C:\Windows\SYSTEM32\WSOCK32.dll
0x00007ffdc1fb0000 - 0x00007ffdc1fba000 	C:\Windows\SYSTEM32\VERSION.dll
0x00007ffdc3120000 - 0x00007ffdc3144000 	C:\Windows\SYSTEM32\WINMM.dll
0x00007ffdc8690000 - 0x00007ffdc86ff000 	C:\Windows\System32\WS2_32.dll
0x00007ffdc2b30000 - 0x00007ffdc2b5d000 	C:\Windows\SYSTEM32\winmmbase.dll
0x00007ffdc6e80000 - 0x00007ffdc6eca000 	C:\Windows\System32\cfgmgr32.dll
0x00007ffdb4e90000 - 0x00007ffdb4e9f000 	C:\Program Files\Android\Android Studio\jre\jre\bin\verify.dll
0x00007ffda9e20000 - 0x00007ffda9e49000 	C:\Program Files\Android\Android Studio\jre\jre\bin\java.dll
0x00007ffda6e20000 - 0x00007ffda6e36000 	C:\Program Files\Android\Android Studio\jre\jre\bin\zip.dll
0x00007ffdc8730000 - 0x00007ffdc8e15000 	C:\Windows\System32\SHELL32.dll
0x00007ffdc7090000 - 0x00007ffdc7139000 	C:\Windows\System32\shcore.dll
0x00007ffdc66e0000 - 0x00007ffdc6e60000 	C:\Windows\System32\windows.storage.dll
0x00007ffdc5f20000 - 0x00007ffdc5f43000 	C:\Windows\System32\profapi.dll
0x00007ffdc5ed0000 - 0x00007ffdc5f1a000 	C:\Windows\System32\powrprof.dll
0x00007ffdc5ea0000 - 0x00007ffdc5eb0000 	C:\Windows\System32\UMPDC.dll
0x00007ffdc7a20000 - 0x00007ffdc7a72000 	C:\Windows\System32\shlwapi.dll
0x00007ffdc5eb0000 - 0x00007ffdc5ec1000 	C:\Windows\System32\kernel.appcore.dll
0x00007ffdc6e60000 - 0x00007ffdc6e77000 	C:\Windows\System32\cryptsp.dll
0x00007ffda6e00000 - 0x00007ffda6e1a000 	C:\Program Files\Android\Android Studio\jre\jre\bin\net.dll
0x00007ffdbbfe0000 - 0x00007ffdbc1b5000 	C:\Windows\SYSTEM32\urlmon.dll
0x00007ffdbc2e0000 - 0x00007ffdbc586000 	C:\Windows\SYSTEM32\iertutil.dll
0x00007ffdc58e0000 - 0x00007ffdc58ec000 	C:\Windows\SYSTEM32\CRYPTBASE.DLL
0x00007ffdc5710000 - 0x00007ffdc5777000 	C:\Windows\system32\mswsock.dll
0x00007ffd9c1d0000 - 0x00007ffd9c1e3000 	C:\Program Files\Android\Android Studio\jre\jre\bin\nio.dll
0x00007ffdb4460000 - 0x00007ffdb4486000 	C:\Users\Suntree\.gradle\native\30\windows-amd64\native-platform.dll
0x00007ffdb4d50000 - 0x00007ffdb4d5d000 	C:\Program Files\Android\Android Studio\jre\jre\bin\management.dll
0x00007ffdc5280000 - 0x00007ffdc52b3000 	C:\Windows\system32\rsaenh.dll
0x00007ffdc60c0000 - 0x00007ffdc60e6000 	C:\Windows\System32\bcrypt.dll
0x00007ffdc5dc0000 - 0x00007ffdc5de5000 	C:\Windows\SYSTEM32\USERENV.dll
0x00007ffdc5420000 - 0x00007ffdc545a000 	C:\Windows\SYSTEM32\IPHLPAPI.DLL
0x00007ffdc8680000 - 0x00007ffdc8688000 	C:\Windows\System32\NSI.dll
0x00007ffdba5e0000 - 0x00007ffdba5f6000 	C:\Windows\SYSTEM32\dhcpcsvc6.DLL
0x00007ffdbae70000 - 0x00007ffdbae8c000 	C:\Windows\SYSTEM32\dhcpcsvc.DLL
0x00007ffdc5460000 - 0x00007ffdc552a000 	C:\Windows\SYSTEM32\DNSAPI.dll

VM Arguments:
jvm_args: -Xmx1536m -Dfile.encoding=windows-1252 -Duser.country=ID -Duser.language=en -Duser.variant 
java_command: org.gradle.launcher.daemon.bootstrap.GradleDaemon 5.6.4
java_class_path (initial): C:\Users\Suntree\.gradle\wrapper\dists\gradle-5.6.4-all\ankdp27end7byghfw1q2sw75f\gradle-5.6.4\lib\gradle-launcher-5.6.4.jar
Launcher Type: SUN_STANDARD

Environment Variables:
PATH=C:\Program Files (x86)\Common Files\Oracle\Java\javapath;C:\Windows\system32;C:\Windows;C:\Windows\System32\Wbem;C:\Windows\System32\WindowsPowerShell\v1.0\;C:\Windows\System32\OpenSSH\;C:\Program Files\Java\jdk1.8.0_241\bin;C:\Program Files\kotlinc\bin;C:\Users\Suntree\AppData\Local\Microsoft\WindowsApps;;C:\Program Files\JetBrains\IntelliJ IDEA Community Edition 2020.1\bin;
USERNAME=Suntree
OS=Windows_NT
PROCESSOR_IDENTIFIER=Intel64 Family 6 Model 58 Stepping 9, GenuineIntel



---------------  S Y S T E M  ---------------

OS: Windows 10.0 , 64 bit Build 18362 (10.0.18362.778)

CPU:total 8 (initial active 8) (4 cores per cpu, 2 threads per core) family 6 model 58 stepping 9, cmov, cx8, fxsr, mmx, sse, sse2, sse3, ssse3, sse4.1, sse4.2, popcnt, avx, aes, clmul, erms, ht, tsc, tscinvbit, tscinv

Memory: 4k page, physical 4148552k(169400k free), swap 5584200k(6344k free)

vm_info: OpenJDK 64-Bit Server VM (25.212-b04) for windows-amd64 JRE (1.8.0_212-release-1586-b04), built by "builder" with MS VC++ 10.0 (VS2010)

time: Wed May 06 11:26:38 2020
timezone: SE Asia Standard Time
elapsed time: 15 seconds (0d 0h 0m 15s)

