#
# There is insufficient memory for the Java Runtime Environment to continue.
# Native memory allocation (malloc) failed to allocate 1150256 bytes for Chunk::new
# Possible reasons:
#   The system is out of physical RAM or swap space
#   The process is running with CompressedOops enabled, and the Java Heap may be blocking the growth of the native heap
# Possible solutions:
#   Reduce memory load on the system
#   Increase physical memory or swap space
#   Check if swap backing store is full
#   Decrease Java heap size (-Xmx/-Xms)
#   Decrease number of Java threads
#   Decrease Java thread stack sizes (-Xss)
#   Set larger code cache with -XX:ReservedCodeCacheSize=
#   JVM is running with Unscaled Compressed Oops mode in which the Java heap is
#     placed in the first 4GB address space. The Java Heap base address is the
#     maximum limit for the native heap growth. Please use -XX:HeapBaseMinAddress
#     to set the Java Heap base and to place the Java Heap above 4GB virtual address.
# This output file may be truncated or incomplete.
#
#  Out of Memory Error (allocation.cpp:389), pid=7172, tid=0x0000000000001a68
#
# JRE version: OpenJDK Runtime Environment (8.0_242-b01) (build 1.8.0_242-release-1644-b01)
# Java VM: OpenJDK 64-Bit Server VM (25.242-b01 mixed mode windows-amd64 compressed oops)
# Failed to write core dump. Minidumps are not enabled by default on client versions of Windows
#

---------------  T H R E A D  ---------------

Current thread (0x0000000019708000):  JavaThread "C2 CompilerThread2" daemon [_thread_in_native, id=6760, stack(0x000000001a1d0000,0x000000001a2d0000)]

Stack: [0x000000001a1d0000,0x000000001a2d0000]
[error occurred during error reporting (printing stack bounds), id 0xc0000005]

Native frames: (J=compiled Java code, j=interpreted, Vv=VM code, C=native code)


Current CompileTask:
C2:3688980 25407 %     4       com.android.tools.r8.ir.regalloc.a::a @ 976 (3992 bytes)


---------------  P R O C E S S  ---------------

Java Threads: ( => current thread )
  0x0000000030f9b000 JavaThread "WorkerExecutor Queue Thread 14" [_thread_blocked, id=1208, stack(0x00000000248c0000,0x00000000249c0000)]
  0x0000000030f92800 JavaThread "WorkerExecutor Queue Thread 13" [_thread_blocked, id=1112, stack(0x00000000247c0000,0x00000000248c0000)]
  0x0000000030f99800 JavaThread "WorkerExecutor Queue Thread 12" [_thread_blocked, id=3616, stack(0x00000000246c0000,0x00000000247c0000)]
  0x0000000030f98800 JavaThread "WorkerExecutor Queue Thread 11" [_thread_blocked, id=3208, stack(0x000000001dcf0000,0x000000001ddf0000)]
  0x0000000030f96800 JavaThread "Cache worker for Java compile cache (C:\Users\Suntree\AndroidStudioProjects\SiTapeMasam\.gradle\6.5\javaCompile)" [_thread_blocked, id=5844, stack(0x000000002e650000,0x000000002e750000)]
  0x0000000030f97000 JavaThread "WorkerExecutor Queue Thread 10" [_thread_blocked, id=10880, stack(0x0000000035230000,0x0000000035330000)]
  0x0000000030f92000 JavaThread "stdout" [_thread_in_native, id=6520, stack(0x0000000035130000,0x0000000035230000)]
  0x0000000030f95000 JavaThread "stderr" [_thread_in_native, id=1088, stack(0x0000000035030000,0x0000000035130000)]
  0x0000000030f90800 JavaThread "stdout" [_thread_in_native, id=4688, stack(0x0000000034f30000,0x0000000035030000)]
  0x0000000030f95800 JavaThread "stderr" [_thread_in_native, id=2712, stack(0x0000000034e30000,0x0000000034f30000)]
  0x0000000030f94000 JavaThread "stdout" [_thread_in_native, id=6220, stack(0x0000000034d30000,0x0000000034e30000)]
  0x0000000030f93800 JavaThread "stderr" [_thread_in_native, id=8424, stack(0x0000000034c30000,0x0000000034d30000)]
  0x000000001b2b3000 JavaThread "stdout" [_thread_in_native, id=2656, stack(0x0000000034b30000,0x0000000034c30000)]
  0x000000001b2b4000 JavaThread "stderr" [_thread_in_native, id=7440, stack(0x0000000034a30000,0x0000000034b30000)]
  0x000000001b2b6000 JavaThread "stdout" [_thread_in_native, id=8592, stack(0x0000000034930000,0x0000000034a30000)]
  0x000000001f46d000 JavaThread "stderr" [_thread_in_native, id=10840, stack(0x0000000034830000,0x0000000034930000)]
  0x000000001f46b800 JavaThread "stdout" [_thread_in_native, id=10904, stack(0x0000000034730000,0x0000000034830000)]
  0x000000001f46b000 JavaThread "stderr" [_thread_in_native, id=4136, stack(0x0000000034630000,0x0000000034730000)]
  0x000000001f471800 JavaThread "stdout" [_thread_in_native, id=2204, stack(0x0000000034530000,0x0000000034630000)]
  0x000000001f470000 JavaThread "stderr" [_thread_in_native, id=10788, stack(0x0000000034430000,0x0000000034530000)]
  0x000000001f471000 JavaThread "stdout" [_thread_in_native, id=3860, stack(0x0000000034330000,0x0000000034430000)]
  0x000000001f46e800 JavaThread "stderr" [_thread_in_native, id=6784, stack(0x0000000034230000,0x0000000034330000)]
  0x000000001f46c800 JavaThread "pool-16-thread-1" [_thread_blocked, id=7084, stack(0x0000000034130000,0x0000000034230000)]
  0x000000001cb33000 JavaThread "WorkerExecutor Queue Thread 9" [_thread_blocked, id=7476, stack(0x0000000034030000,0x0000000034130000)]
  0x000000001cb30000 JavaThread "MarlinRenderer Disposer" daemon [_thread_blocked, id=2412, stack(0x0000000030ac0000,0x0000000030bc0000)]
  0x000000001cb30800 JavaThread "Java2D Disposer" daemon [_thread_blocked, id=11180, stack(0x00000000309c0000,0x0000000030ac0000)]
  0x000000001cb2f000 JavaThread "WorkerExecutor Queue Thread 7" [_thread_blocked, id=8516, stack(0x00000000303c0000,0x00000000304c0000)]
  0x000000001cb2c800 JavaThread "WorkerExecutor Queue Thread 2" [_thread_blocked, id=10740, stack(0x000000002e750000,0x000000002e850000)]
  0x000000001cb24800 JavaThread "Cache worker for execution history cache (C:\Users\Suntree\AndroidStudioProjects\SiTapeMasam\.gradle\6.5\executionHistory)" [_thread_blocked, id=7564, stack(0x000000002e550000,0x000000002e650000)]
  0x0000000020053800 JavaThread "Execution worker for ':' Thread 7" [_thread_blocked, id=5392, stack(0x000000002e450000,0x000000002e550000)]
  0x0000000020051800 JavaThread "Execution worker for ':' Thread 6" [_thread_blocked, id=6720, stack(0x000000002e350000,0x000000002e450000)]
  0x0000000020050000 JavaThread "Execution worker for ':' Thread 5" [_thread_blocked, id=5008, stack(0x000000002dd30000,0x000000002de30000)]
  0x0000000020053000 JavaThread "Execution worker for ':' Thread 4" [_thread_blocked, id=9488, stack(0x000000002dc30000,0x000000002dd30000)]
  0x000000002004f000 JavaThread "Execution worker for ':' Thread 3" [_thread_blocked, id=7032, stack(0x000000002d130000,0x000000002d230000)]
  0x0000000020054800 JavaThread "Execution worker for ':' Thread 2" [_thread_blocked, id=8832, stack(0x000000002d030000,0x000000002d130000)]
  0x000000002004e800 JavaThread "Execution worker for ':'" [_thread_blocked, id=10660, stack(0x000000002cf30000,0x000000002d030000)]
  0x000000002004a000 JavaThread "Cache worker for file content cache (C:\Users\Suntree\AndroidStudioProjects\SiTapeMasam\.gradle\6.5\fileContent)" [_thread_blocked, id=1984, stack(0x000000002c130000,0x000000002c230000)]
  0x0000000020049000 JavaThread "pool-15-thread-1" [_thread_blocked, id=5592, stack(0x000000002bdd0000,0x000000002bed0000)]
  0x000000002004b800 JavaThread "Cache worker for Build Output Cleanup Cache (C:\Users\Suntree\AndroidStudioProjects\SiTapeMasam\.gradle\buildOutputCleanup)" [_thread_blocked, id=5944, stack(0x000000002bcd0000,0x000000002bdd0000)]
  0x000000001b61a000 JavaThread "Build operations Thread 8" [_thread_in_native, id=10816, stack(0x00000000245c0000,0x00000000246c0000)]
  0x000000001b620800 JavaThread "Build operations Thread 7" [_thread_in_native, id=7912, stack(0x00000000244c0000,0x00000000245c0000)]
  0x000000001b620000 JavaThread "Build operations Thread 6" [_thread_in_native, id=7300, stack(0x00000000243c0000,0x00000000244c0000)]
  0x000000001b61c000 JavaThread "Build operations Thread 5" [_thread_in_native, id=6496, stack(0x00000000242c0000,0x00000000243c0000)]
  0x000000001b61f000 JavaThread "Build operations Thread 4" [_thread_in_Java, id=8920, stack(0x00000000241c0000,0x00000000242c0000)]
  0x000000001b61d000 JavaThread "Build operations Thread 3" [_thread_in_native, id=6212, stack(0x00000000240c0000,0x00000000241c0000)]
  0x000000001b61e800 JavaThread "Build operations Thread 2" [_thread_in_native, id=8536, stack(0x00000000228f0000,0x00000000229f0000)]
  0x000000001b61b800 JavaThread "Build operations" [_thread_in_native, id=7628, stack(0x00000000220f0000,0x00000000221f0000)]
  0x000000001b61d800 JavaThread "Cache worker for cache directory md-rule (C:\Users\Suntree\.gradle\caches\6.5\md-rule)" [_thread_blocked, id=6284, stack(0x0000000021ff0000,0x00000000220f0000)]
  0x000000001b61a800 JavaThread "Cache worker for cache directory md-supplier (C:\Users\Suntree\.gradle\caches\6.5\md-supplier)" [_thread_blocked, id=10852, stack(0x0000000020c90000,0x0000000020d90000)]
  0x000000001fd24000 JavaThread "Cache worker for checksums cache (C:\Users\Suntree\AndroidStudioProjects\SiTapeMasam\.gradle\checksums)" [_thread_blocked, id=7180, stack(0x0000000020990000,0x0000000020a90000)]
  0x000000001fd1f800 JavaThread "Cache worker for file hash cache (C:\Users\Suntree\AndroidStudioProjects\SiTapeMasam\.gradle\6.5\fileHashes)" [_thread_blocked, id=3632, stack(0x000000001e1f0000,0x000000001e2f0000)]
  0x000000001fd23000 JavaThread "Thread-668" [_thread_blocked, id=5000, stack(0x000000001def0000,0x000000001dff0000)]
  0x000000001fd20000 JavaThread "Asynchronous log dispatcher for DefaultDaemonConnection: socket connection from /127.0.0.1:56021 to /127.0.0.1:56287" [_thread_blocked, id=6680, stack(0x000000001d9f0000,0x000000001daf0000)]
  0x000000001fd1e800 JavaThread "Daemon worker Thread 5" [_thread_blocked, id=5484, stack(0x000000001d8f0000,0x000000001d9f0000)]
  0x000000001fd21800 JavaThread "Cancel handler" [_thread_blocked, id=10764, stack(0x000000001d4b0000,0x000000001d5b0000)]
  0x000000001fd21000 JavaThread "Handler for socket connection from /127.0.0.1:56021 to /127.0.0.1:56287" [_thread_in_native, id=10188, stack(0x000000001d3b0000,0x000000001d4b0000)]
  0x000000001fd1e000 JavaThread "Daemon Thread 5" [_thread_blocked, id=10084, stack(0x0000000000c10000,0x0000000000d10000)]
  0x000000001fd1d000 JavaThread "Cache worker for Java compile cache (C:\Users\Suntree\.gradle\caches\6.5\javaCompile)" [_thread_blocked, id=3460, stack(0x000000002e8f0000,0x000000002e9f0000)]
  0x0000000020274800 JavaThread "Memory manager" [_thread_blocked, id=10928, stack(0x000000002af20000,0x000000002b020000)]
  0x000000001cb28000 JavaThread "Cache worker for file content cache (C:\Users\Suntree\.gradle\caches\6.5\fileContent)" [_thread_blocked, id=11212, stack(0x00000000229f0000,0x0000000022af0000)]
  0x000000001cb26800 JavaThread "Cache worker for execution history cache (C:\Users\Suntree\.gradle\caches\6.5\executionHistory)" [_thread_blocked, id=10608, stack(0x00000000221f0000,0x00000000222f0000)]
  0x000000001b2b5800 JavaThread "Cache worker for file hash cache (C:\Users\Suntree\.gradle\caches\6.5\fileHashes)" [_thread_blocked, id=7832, stack(0x000000001e6f0000,0x000000001e7f0000)]
  0x000000001b2b4800 JavaThread "File lock request listener" [_thread_in_native, id=7524, stack(0x000000001e5f0000,0x000000001e6f0000)]
  0x000000001c1c1800 JavaThread "Cache worker for journal cache (C:\Users\Suntree\.gradle\caches\journal-1)" [_thread_blocked, id=3996, stack(0x000000001e4f0000,0x000000001e5f0000)]
  0x000000001c074800 JavaThread "Daemon periodic checks" [_thread_blocked, id=8788, stack(0x000000001d7f0000,0x000000001d8f0000)]
  0x000000001c069000 JavaThread "Incoming local TCP Connector on port 56021" [_thread_in_native, id=7220, stack(0x000000001d5b0000,0x000000001d6b0000)]
  0x000000001a5f5000 JavaThread "Daemon health stats" [_thread_blocked, id=9348, stack(0x000000001cf70000,0x000000001d070000)]
  0x0000000019794800 JavaThread "Service Thread" daemon [_thread_blocked, id=8048, stack(0x000000001a3d0000,0x000000001a4d0000)]
  0x0000000019710800 JavaThread "C1 CompilerThread3" daemon [_thread_blocked, id=10776, stack(0x000000001a2d0000,0x000000001a3d0000)]
=>0x0000000019708000 JavaThread "C2 CompilerThread2" daemon [_thread_in_native, id=6760, stack(0x000000001a1d0000,0x000000001a2d0000)]
  0x0000000019704800 JavaThread "C2 CompilerThread1" daemon [_thread_in_native, id=11176, stack(0x000000001a0d0000,0x000000001a1d0000)]
  0x0000000019702800 JavaThread "C2 CompilerThread0" daemon [_thread_in_native, id=7408, stack(0x0000000019fd0000,0x000000001a0d0000)]
  0x0000000019701000 JavaThread "Attach Listener" daemon [_thread_blocked, id=8676, stack(0x0000000019ed0000,0x0000000019fd0000)]
  0x0000000019700000 JavaThread "Signal Dispatcher" daemon [_thread_blocked, id=2080, stack(0x0000000019dd0000,0x0000000019ed0000)]
  0x00000000196f0800 JavaThread "Finalizer" daemon [_thread_blocked, id=11080, stack(0x0000000019bd0000,0x0000000019cd0000)]
  0x00000000178ec800 JavaThread "Reference Handler" daemon [_thread_blocked, id=2324, stack(0x0000000019ad0000,0x0000000019bd0000)]
  0x0000000002782800 JavaThread "main" [_thread_blocked, id=452, stack(0x00000000025d0000,0x00000000026d0000)]

Other Threads:
  0x0000000002875800 VMThread [stack: 0x00000000195d0000,0x00000000196d0000] [id=4968]
  0x0000000019720000 WatcherThread [stack: 0x000000001a4d0000,0x000000001a5d0000] [id=8624]

VM state:not at safepoint (normal execution)

VM Mutex/Monitor currently owned by a thread: None

heap address: 0x0000000080000000, size: 2048 MB, Compressed Oops mode: 32-bit
Narrow klass base: 0x0000000000000000, Narrow klass shift: 3
Compressed class space size: 1073741824 Address: 0x0000000100000000

Heap:
 PSYoungGen      total 565760K, used 186124K [0x00000000d5580000, 0x00000000fd780000, 0x0000000100000000)
  eden space 478208K, 37% used [0x00000000d5580000,0x00000000e026f910,0x00000000f2880000)
  from space 87552K, 10% used [0x00000000f8200000,0x00000000f8ad5a58,0x00000000fd780000)
  to   space 89600K, 0% used [0x00000000f2880000,0x00000000f2880000,0x00000000f8000000)
 ParOldGen       total 246784K, used 132108K [0x0000000080000000, 0x000000008f100000, 0x00000000d5580000)
  object space 246784K, 53% used [0x0000000080000000,0x00000000881033e8,0x000000008f100000)
 Metaspace       used 113937K, capacity 120242K, committed 120984K, reserved 1155072K
  class space    used 14659K, capacity 15858K, committed 16048K, reserved 1048576K

Card table byte_map: [0x0000000011c40000,0x0000000012050000] byte_map_base: 0x0000000011840000

Marking Bits: (ParMarkBitMap*) 0x000000005b89f030
 Begin Bits: [0x0000000012b00000, 0x0000000014b00000)
 End Bits:   [0x0000000014b00000, 0x0000000016b00000)

Polling page: 0x0000000000900000

CodeCache: size=245760Kb used=72067Kb max_used=72164Kb free=173692Kb
 bounds [0x0000000002880000, 0x0000000006fc0000, 0x0000000011880000]
 total_blobs=21082 nmethods=20057 adapters=935
 compilation: enabled

Compilation events (10 events):
Event: 3688.047 Thread 0x0000000019710800 25635       2       com.android.tools.r8.p.n.S::a (105 bytes)
Event: 3688.048 Thread 0x0000000019710800 nmethod 25635 0x00000000047543d0 code [0x0000000004754600, 0x0000000004754ba8]
Event: 3688.119 Thread 0x0000000019710800 25637 %     3       com.android.tools.r8.q.a.a.b.w::a @ 49 (150 bytes)
Event: 3688.120 Thread 0x0000000019710800 nmethod 25637% 0x0000000006518410 code [0x00000000065186c0, 0x0000000006519b88]
Event: 3688.123 Thread 0x0000000019710800 25638       3       com.android.tools.r8.s.b.o::a (36 bytes)
Event: 3688.124 Thread 0x0000000019710800 nmethod 25638 0x00000000063b7710 code [0x00000000063b7920, 0x00000000063b8328]
Event: 3688.169 Thread 0x0000000019710800 25639       3       com.android.tools.r8.ir.conversion.O::a (378 bytes)
Event: 3688.172 Thread 0x0000000019710800 nmethod 25639 0x000000000657a290 code [0x000000000657a840, 0x000000000657db48]
Event: 3688.185 Thread 0x0000000019710800 25640       1       com.android.tools.r8.s.b.R0::m0 (2 bytes)
Event: 3688.186 Thread 0x0000000019710800 nmethod 25640 0x00000000031e1b10 code [0x00000000031e1c60, 0x00000000031e1d70]

GC Heap History (10 events):
Event: 3684.499 GC heap before
{Heap before GC invocations=28 (full 4):
 PSYoungGen      total 410624K, used 410608K [0x00000000d5580000, 0x00000000f8c00000, 0x0000000100000000)
  eden space 332288K, 100% used [0x00000000d5580000,0x00000000e9a00000,0x00000000e9a00000)
  from space 78336K, 99% used [0x00000000e9a00000,0x00000000ee67c018,0x00000000ee680000)
  to   space 91648K, 0% used [0x00000000f3280000,0x00000000f3280000,0x00000000f8c00000)
 ParOldGen       total 218624K, used 130905K [0x0000000080000000, 0x000000008d580000, 0x00000000d5580000)
  object space 218624K, 59% used [0x0000000080000000,0x0000000087fd6548,0x000000008d580000)
 Metaspace       used 113985K, capacity 120614K, committed 120728K, reserved 1155072K
  class space    used 14729K, capacity 15990K, committed 16048K, reserved 1048576K
Event: 3684.607 GC heap after
Heap after GC invocations=28 (full 4):
 PSYoungGen      total 486400K, used 56661K [0x00000000d5580000, 0x00000000faa00000, 0x0000000100000000)
  eden space 394752K, 0% used [0x00000000d5580000,0x00000000d5580000,0x00000000ed700000)
  from space 91648K, 61% used [0x00000000f3280000,0x00000000f69d57a8,0x00000000f8c00000)
  to   space 93696K, 0% used [0x00000000ed700000,0x00000000ed700000,0x00000000f3280000)
 ParOldGen       total 218624K, used 149815K [0x0000000080000000, 0x000000008d580000, 0x00000000d5580000)
  object space 218624K, 68% used [0x0000000080000000,0x000000008924dde8,0x000000008d580000)
 Metaspace       used 113985K, capacity 120614K, committed 120728K, reserved 1155072K
  class space    used 14729K, capacity 15990K, committed 16048K, reserved 1048576K
}
Event: 3685.316 GC heap before
{Heap before GC invocations=29 (full 4):
 PSYoungGen      total 486400K, used 451413K [0x00000000d5580000, 0x00000000faa00000, 0x0000000100000000)
  eden space 394752K, 100% used [0x00000000d5580000,0x00000000ed700000,0x00000000ed700000)
  from space 91648K, 61% used [0x00000000f3280000,0x00000000f69d57a8,0x00000000f8c00000)
  to   space 93696K, 0% used [0x00000000ed700000,0x00000000ed700000,0x00000000f3280000)
 ParOldGen       total 218624K, used 149815K [0x0000000080000000, 0x000000008d580000, 0x00000000d5580000)
  object space 218624K, 68% used [0x0000000080000000,0x000000008924dde8,0x000000008d580000)
 Metaspace       used 114096K, capacity 120770K, committed 120984K, reserved 1155072K
  class space    used 14734K, capacity 15994K, committed 16048K, reserved 1048576K
Event: 3685.370 GC heap after
Heap after GC invocations=29 (full 4):
 PSYoungGen      total 488448K, used 18631K [0x00000000d5580000, 0x00000000fdb80000, 0x0000000100000000)
  eden space 394752K, 0% used [0x00000000d5580000,0x00000000d5580000,0x00000000ed700000)
  from space 93696K, 19% used [0x00000000ed700000,0x00000000ee931c28,0x00000000f3280000)
  to   space 91648K, 0% used [0x00000000f8200000,0x00000000f8200000,0x00000000fdb80000)
 ParOldGen       total 218624K, used 184222K [0x0000000080000000, 0x000000008d580000, 0x00000000d5580000)
  object space 218624K, 84% used [0x0000000080000000,0x000000008b3e7a58,0x000000008d580000)
 Metaspace       used 114096K, capacity 120770K, committed 120984K, reserved 1155072K
  class space    used 14734K, capacity 15994K, committed 16048K, reserved 1048576K
}
Event: 3685.990 GC heap before
{Heap before GC invocations=30 (full 4):
 PSYoungGen      total 488448K, used 413383K [0x00000000d5580000, 0x00000000fdb80000, 0x0000000100000000)
  eden space 394752K, 100% used [0x00000000d5580000,0x00000000ed700000,0x00000000ed700000)
  from space 93696K, 19% used [0x00000000ed700000,0x00000000ee931c28,0x00000000f3280000)
  to   space 91648K, 0% used [0x00000000f8200000,0x00000000f8200000,0x00000000fdb80000)
 ParOldGen       total 218624K, used 184222K [0x0000000080000000, 0x000000008d580000, 0x00000000d5580000)
  object space 218624K, 84% used [0x0000000080000000,0x000000008b3e7a58,0x000000008d580000)
 Metaspace       used 114149K, capacity 120840K, committed 120984K, reserved 1155072K
  class space    used 14734K, capacity 15995K, committed 16048K, reserved 1048576K
Event: 3686.028 GC heap after
Heap after GC invocations=30 (full 4):
 PSYoungGen      total 565760K, used 12969K [0x00000000d5580000, 0x00000000fd780000, 0x0000000100000000)
  eden space 478208K, 0% used [0x00000000d5580000,0x00000000d5580000,0x00000000f2880000)
  from space 87552K, 14% used [0x00000000f8200000,0x00000000f8eaa750,0x00000000fd780000)
  to   space 89600K, 0% used [0x00000000f2880000,0x00000000f2880000,0x00000000f8000000)
 ParOldGen       total 218624K, used 196891K [0x0000000080000000, 0x000000008d580000, 0x00000000d5580000)
  object space 218624K, 90% used [0x0000000080000000,0x000000008c046f48,0x000000008d580000)
 Metaspace       used 114149K, capacity 120840K, committed 120984K, reserved 1155072K
  class space    used 14734K, capacity 15995K, committed 16048K, reserved 1048576K
}
Event: 3686.028 GC heap before
{Heap before GC invocations=31 (full 5):
 PSYoungGen      total 565760K, used 12969K [0x00000000d5580000, 0x00000000fd780000, 0x0000000100000000)
  eden space 478208K, 0% used [0x00000000d5580000,0x00000000d5580000,0x00000000f2880000)
  from space 87552K, 14% used [0x00000000f8200000,0x00000000f8eaa750,0x00000000fd780000)
  to   space 89600K, 0% used [0x00000000f2880000,0x00000000f2880000,0x00000000f8000000)
 ParOldGen       total 218624K, used 196891K [0x0000000080000000, 0x000000008d580000, 0x00000000d5580000)
  object space 218624K, 90% used [0x0000000080000000,0x000000008c046f48,0x000000008d580000)
 Metaspace       used 114149K, capacity 120840K, committed 120984K, reserved 1155072K
  class space    used 14734K, capacity 15995K, committed 16048K, reserved 1048576K
Event: 3686.401 GC heap after
Heap after GC invocations=31 (full 5):
 PSYoungGen      total 565760K, used 0K [0x00000000d5580000, 0x00000000fd780000, 0x0000000100000000)
  eden space 478208K, 0% used [0x00000000d5580000,0x00000000d5580000,0x00000000f2880000)
  from space 87552K, 0% used [0x00000000f8200000,0x00000000f8200000,0x00000000fd780000)
  to   space 89600K, 0% used [0x00000000f2880000,0x00000000f2880000,0x00000000f8000000)
 ParOldGen       total 246784K, used 117575K [0x0000000080000000, 0x000000008f100000, 0x00000000d5580000)
  object space 246784K, 47% used [0x0000000080000000,0x00000000872d1e10,0x000000008f100000)
 Metaspace       used 113851K, capacity 120130K, committed 120984K, reserved 1155072K
  class space    used 14652K, capacity 15850K, committed 16048K, reserved 1048576K
}
Event: 3687.231 GC heap before
{Heap before GC invocations=32 (full 5):
 PSYoungGen      total 565760K, used 478208K [0x00000000d5580000, 0x00000000fd780000, 0x0000000100000000)
  eden space 478208K, 100% used [0x00000000d5580000,0x00000000f2880000,0x00000000f2880000)
  from space 87552K, 0% used [0x00000000f8200000,0x00000000f8200000,0x00000000fd780000)
  to   space 89600K, 0% used [0x00000000f2880000,0x00000000f2880000,0x00000000f8000000)
 ParOldGen       total 246784K, used 117575K [0x0000000080000000, 0x000000008f100000, 0x00000000d5580000)
  object space 246784K, 47% used [0x0000000080000000,0x00000000872d1e10,0x000000008f100000)
 Metaspace       used 113893K, capacity 120138K, committed 120984K, reserved 1155072K
  class space    used 14654K, capacity 15852K, committed 16048K, reserved 1048576K
Event: 3687.249 GC heap after
Heap after GC invocations=32 (full 5):
 PSYoungGen      total 567808K, used 17273K [0x00000000d5580000, 0x00000000fd780000, 0x0000000100000000)
  eden space 478208K, 0% used [0x00000000d5580000,0x00000000d5580000,0x00000000f2880000)
  from space 89600K, 19% used [0x00000000f2880000,0x00000000f395e540,0x00000000f8000000)
  to   space 87552K, 0% used [0x00000000f8200000,0x00000000f8200000,0x00000000fd780000)
 ParOldGen       total 246784K, used 117583K [0x0000000080000000, 0x000000008f100000, 0x00000000d5580000)
  object space 246784K, 47% used [0x0000000080000000,0x00000000872d3e10,0x000000008f100000)
 Metaspace       used 113893K, capacity 120138K, committed 120984K, reserved 1155072K
  class space    used 14654K, capacity 15852K, committed 16048K, reserved 1048576K
}

Deoptimization events (10 events):
Event: 3687.790 Thread 0x000000001b61a000 Uncommon trap: reason=bimorphic action=maybe_recompile pc=0x000000000473eef8 method=java.util.Collections$UnmodifiableList.get(I)Ljava/lang/Object; @ 5
Event: 3687.790 Thread 0x000000001b61a000 Uncommon trap: reason=bimorphic action=maybe_recompile pc=0x000000000473eef8 method=java.util.Collections$UnmodifiableList.get(I)Ljava/lang/Object; @ 5
Event: 3687.790 Thread 0x000000001b61a000 Uncommon trap: reason=bimorphic action=maybe_recompile pc=0x000000000473eef8 method=java.util.Collections$UnmodifiableList.get(I)Ljava/lang/Object; @ 5
Event: 3687.790 Thread 0x000000001b61a000 Uncommon trap: reason=bimorphic action=maybe_recompile pc=0x000000000473eef8 method=java.util.Collections$UnmodifiableList.get(I)Ljava/lang/Object; @ 5
Event: 3687.794 Thread 0x000000001b61a000 Uncommon trap: reason=unstable_if action=reinterpret pc=0x0000000003582964 method=com.android.tools.r8.dex.P$c.a(Ljava/util/Map;Lcom/android/tools/r8/graph/f0;Lcom/android/tools/r8/graph/f0;)I @ 38
Event: 3687.832 Thread 0x000000001b61a000 Uncommon trap: reason=array_check action=maybe_recompile pc=0x0000000006f00ad8 method=java.util.TimSort.mergeHi(IIII)V @ 419
Event: 3687.832 Thread 0x000000001b61a000 Uncommon trap: reason=array_check action=maybe_recompile pc=0x0000000006f00ad8 method=java.util.TimSort.mergeHi(IIII)V @ 419
Event: 3687.843 Thread 0x000000001b61a000 Uncommon trap: reason=unstable_if action=reinterpret pc=0x00000000045f39a0 method=com.android.tools.r8.dex.m.c(I)V @ 8
Event: 3688.042 Thread 0x000000001b620800 Uncommon trap: reason=class_check action=maybe_recompile pc=0x000000000651fd00 method=com.android.tools.r8.s.b.q1.Z()I @ 19
Event: 3688.070 Thread 0x000000001b61f000 Uncommon trap: reason=class_check action=maybe_recompile pc=0x000000000651ff68 method=com.android.tools.r8.s.b.q1.Y()I @ 19

Classes redefined (0 events):
No events

Internal exceptions (10 events):
Event: 3685.805 Thread 0x000000001b61e800 Exception <a 'sun/nio/fs/WindowsException'> (0x00000000e641cee0) thrown at [C:\src\AOSP-openjdk-git\hotspot\src\share\vm\prims\jni.cpp, line 710]
Event: 3685.838 Thread 0x000000001b620000 Exception <a 'sun/nio/fs/WindowsException'> (0x00000000e7803190) thrown at [C:\src\AOSP-openjdk-git\hotspot\src\share\vm\prims\jni.cpp, line 710]
Event: 3686.406 Thread 0x000000001b61c000 Exception <a 'sun/nio/fs/WindowsException'> (0x00000000d5e43690) thrown at [C:\src\AOSP-openjdk-git\hotspot\src\share\vm\prims\jni.cpp, line 710]
Event: 3686.466 Thread 0x000000001b61e800 Exception <a 'sun/nio/fs/WindowsException'> (0x00000000d7ec1b98) thrown at [C:\src\AOSP-openjdk-git\hotspot\src\share\vm\prims\jni.cpp, line 710]
Event: 3686.533 Thread 0x000000001b61e800 Exception <a 'sun/nio/fs/WindowsException'> (0x00000000dacd85b8) thrown at [C:\src\AOSP-openjdk-git\hotspot\src\share\vm\prims\jni.cpp, line 710]
Event: 3686.535 Thread 0x000000001b61b800 Implicit null exception at 0x0000000005ff42b5 to 0x0000000005ff43ed
Event: 3686.576 Thread 0x000000001b61b800 Exception <a 'sun/nio/fs/WindowsException'> (0x00000000dbe32278) thrown at [C:\src\AOSP-openjdk-git\hotspot\src\share\vm\prims\jni.cpp, line 710]
Event: 3686.687 Thread 0x000000001b61d000 Exception <a 'sun/nio/fs/WindowsException'> (0x00000000e06f2578) thrown at [C:\src\AOSP-openjdk-git\hotspot\src\share\vm\prims\jni.cpp, line 710]
Event: 3686.725 Thread 0x000000001b61c000 Exception <a 'sun/nio/fs/WindowsException'> (0x00000000e22a4458) thrown at [C:\src\AOSP-openjdk-git\hotspot\src\share\vm\prims\jni.cpp, line 710]
Event: 3687.866 Thread 0x000000001b61a000 Exception <a 'sun/nio/fs/WindowsException'> (0x00000000e75feec0) thrown at [C:\src\AOSP-openjdk-git\hotspot\src\share\vm\prims\jni.cpp, line 710]

Events (10 events):
Event: 3688.042 Thread 0x000000001b620800 DEOPT UNPACKING pc=0x00000000028c557b sp=0x00000000245ba4f8 mode 2
Event: 3688.047 Thread 0x000000001b620800 DEOPT PACKING pc=0x00000000064f715d sp=0x00000000245b9fc0
Event: 3688.047 Thread 0x000000001b620800 DEOPT UNPACKING pc=0x00000000028c75d0 sp=0x00000000245ba000 mode 0
Event: 3688.070 Thread 0x000000001b61f000 Uncommon trap: trap_request=0xffffffde fr.pc=0x000000000651ff68
Event: 3688.070 Thread 0x000000001b61f000 DEOPT PACKING pc=0x000000000651ff68 sp=0x00000000242ba610
Event: 3688.070 Thread 0x000000001b61f000 DEOPT UNPACKING pc=0x00000000028c557b sp=0x00000000242ba590 mode 2
Event: 3688.190 Thread 0x000000001b620800 DEOPT PACKING pc=0x00000000064f7146 sp=0x00000000245b9fc0
Event: 3688.190 Thread 0x000000001b620800 DEOPT UNPACKING pc=0x00000000028c75d0 sp=0x00000000245b9ff8 mode 0
Event: 3688.211 Thread 0x000000001b620800 DEOPT PACKING pc=0x00000000067367e2 sp=0x00000000245b9fd0
Event: 3688.211 Thread 0x000000001b620800 DEOPT UNPACKING pc=0x00000000028c75d0 sp=0x00000000245ba028 mode 0


Dynamic libraries:
0x00007ff6458c0000 - 0x00007ff6458f1000 	C:\Program Files\Android\Android Studio\jre\bin\java.exe
0x00007ff866a70000 - 0x00007ff866c65000 	C:\WINDOWS\SYSTEM32\ntdll.dll
0x00007ff864e10000 - 0x00007ff864ecd000 	C:\WINDOWS\System32\KERNEL32.DLL
0x00007ff8643e0000 - 0x00007ff8646a9000 	C:\WINDOWS\System32\KERNELBASE.dll
0x00007ff8650b0000 - 0x00007ff86515c000 	C:\WINDOWS\System32\ADVAPI32.dll
0x00007ff866110000 - 0x00007ff8661ae000 	C:\WINDOWS\System32\msvcrt.dll
0x00007ff864ad0000 - 0x00007ff864b6c000 	C:\WINDOWS\System32\sechost.dll
0x00007ff865290000 - 0x00007ff8653bb000 	C:\WINDOWS\System32\RPCRT4.dll
0x00007ff864c70000 - 0x00007ff864e10000 	C:\WINDOWS\System32\USER32.dll
0x00007ff8643b0000 - 0x00007ff8643d2000 	C:\WINDOWS\System32\win32u.dll
0x00007ff865470000 - 0x00007ff86549a000 	C:\WINDOWS\System32\GDI32.dll
0x00007ff864790000 - 0x00007ff86489b000 	C:\WINDOWS\System32\gdi32full.dll
0x00007ff864310000 - 0x00007ff8643ad000 	C:\WINDOWS\System32\msvcp_win.dll
0x00007ff8649d0000 - 0x00007ff864ad0000 	C:\WINDOWS\System32\ucrtbase.dll
0x00007ff858500000 - 0x00007ff85879a000 	C:\WINDOWS\WinSxS\amd64_microsoft.windows.common-controls_6595b64144ccf1df_6.0.19041.844_none_ca00b6081b84eb1d\COMCTL32.dll
0x00007ff864b70000 - 0x00007ff864ba0000 	C:\WINDOWS\System32\IMM32.DLL
0x000000005aff0000 - 0x000000005b0c2000 	C:\Program Files\Android\Android Studio\jre\jre\bin\msvcr100.dll
0x000000005b0d0000 - 0x000000005b91b000 	C:\Program Files\Android\Android Studio\jre\jre\bin\server\jvm.dll
0x00007ff864fb0000 - 0x00007ff864fb8000 	C:\WINDOWS\System32\PSAPI.DLL
0x00007ff85b4b0000 - 0x00007ff85b4d7000 	C:\WINDOWS\SYSTEM32\WINMM.dll
0x00007ff85b4e0000 - 0x00007ff85b4ea000 	C:\WINDOWS\SYSTEM32\VERSION.dll
0x00007ff84bf40000 - 0x00007ff84bf49000 	C:\WINDOWS\SYSTEM32\WSOCK32.dll
0x00007ff864fc0000 - 0x00007ff86502b000 	C:\WINDOWS\System32\WS2_32.dll
0x00007ff84bf30000 - 0x00007ff84bf3f000 	C:\Program Files\Android\Android Studio\jre\jre\bin\verify.dll
0x00007ff83e5d0000 - 0x00007ff83e5f9000 	C:\Program Files\Android\Android Studio\jre\jre\bin\java.dll
0x00007ff83e5b0000 - 0x00007ff83e5c6000 	C:\Program Files\Android\Android Studio\jre\jre\bin\zip.dll
0x00007ff8659c0000 - 0x00007ff866102000 	C:\WINDOWS\System32\SHELL32.dll
0x00007ff861530000 - 0x00007ff861cc0000 	C:\WINDOWS\SYSTEM32\windows.storage.dll
0x00007ff8665b0000 - 0x00007ff866905000 	C:\WINDOWS\System32\combase.dll
0x00007ff863bb0000 - 0x00007ff863bdc000 	C:\WINDOWS\SYSTEM32\Wldp.dll
0x00007ff8653c0000 - 0x00007ff86546e000 	C:\WINDOWS\System32\SHCORE.dll
0x00007ff8664f0000 - 0x00007ff866545000 	C:\WINDOWS\System32\shlwapi.dll
0x00007ff8640f0000 - 0x00007ff86410f000 	C:\WINDOWS\SYSTEM32\profapi.dll
0x00007ff83de50000 - 0x00007ff83de6a000 	C:\Program Files\Android\Android Studio\jre\jre\bin\net.dll
0x00007ff8638d0000 - 0x00007ff86393a000 	C:\WINDOWS\system32\mswsock.dll
0x00007ff83de30000 - 0x00007ff83de43000 	C:\Program Files\Android\Android Studio\jre\jre\bin\nio.dll
0x00007ff8575d0000 - 0x00007ff8575f7000 	C:\Users\Suntree\.gradle\native\f6784746aeab05261644944871eae4fe03e0ef1612fff0a4a95f87b438bc6780\windows-amd64\native-platform.dll
0x00007ff83de20000 - 0x00007ff83de2d000 	C:\Program Files\Android\Android Studio\jre\jre\bin\management.dll
0x00007ff863b00000 - 0x00007ff863b18000 	C:\WINDOWS\SYSTEM32\CRYPTSP.dll
0x00007ff863270000 - 0x00007ff8632a4000 	C:\WINDOWS\system32\rsaenh.dll
0x00007ff8648f0000 - 0x00007ff864917000 	C:\WINDOWS\System32\bcrypt.dll
0x00007ff8640b0000 - 0x00007ff8640de000 	C:\WINDOWS\SYSTEM32\USERENV.dll
0x00007ff864710000 - 0x00007ff864790000 	C:\WINDOWS\System32\bcryptprimitives.dll
0x00007ff863b20000 - 0x00007ff863b2c000 	C:\WINDOWS\SYSTEM32\CRYPTBASE.dll
0x00007ff8635c0000 - 0x00007ff8635fb000 	C:\WINDOWS\SYSTEM32\IPHLPAPI.DLL
0x00007ff866460000 - 0x00007ff866468000 	C:\WINDOWS\System32\NSI.dll
0x00007ff85de80000 - 0x00007ff85de97000 	C:\WINDOWS\SYSTEM32\dhcpcsvc6.DLL
0x00007ff85de60000 - 0x00007ff85de7d000 	C:\WINDOWS\SYSTEM32\dhcpcsvc.DLL
0x00007ff863600000 - 0x00007ff8636cb000 	C:\WINDOWS\SYSTEM32\DNSAPI.dll
0x00007ff85e260000 - 0x00007ff85e26b000 	C:\WINDOWS\SYSTEM32\WINNSI.DLL
0x00007ff854d80000 - 0x00007ff854f1c000 	C:\Program Files\Android\Android Studio\jre\jre\bin\awt.dll
0x00007ff864ba0000 - 0x00007ff864c6d000 	C:\WINDOWS\System32\OLEAUT32.dll
0x00007ff861060000 - 0x00007ff86108f000 	C:\WINDOWS\SYSTEM32\dwmapi.dll
0x00007ff861cd0000 - 0x00007ff862290000 	C:\WINDOWS\SYSTEM32\d2d1.dll
0x00007ff860c80000 - 0x00007ff860d10000 	C:\WINDOWS\SYSTEM32\apphelp.dll
0x00007ff860d70000 - 0x00007ff860e0e000 	C:\WINDOWS\system32\uxtheme.dll

VM Arguments:
jvm_args: -Xmx2048m -Dfile.encoding=UTF-8 -Duser.country=ID -Duser.language=in -Duser.variant 
java_command: org.gradle.launcher.daemon.bootstrap.GradleDaemon 6.5
java_class_path (initial): C:\Users\Suntree\.gradle\wrapper\dists\gradle-6.5-bin\6nifqtx7604sqp1q6g8wikw7p\gradle-6.5\lib\gradle-launcher-6.5.jar
Launcher Type: SUN_STANDARD

Environment Variables:
PATH=C:\Program Files (x86)\Common Files\Oracle\Java\javapath;C:\Windows\system32;C:\Windows;C:\Windows\System32\Wbem;C:\Windows\System32\WindowsPowerShell\v1.0\;C:\Windows\System32\OpenSSH\;C:\Program Files\Java\jdk1.8.0_241\bin;C:\Program Files\kotlinc\bin;C:\Program Files\MATLAB\R2020a\bin;C:\Program Files\nodejs\;C:\Program Files\Git\cmd;C:\Users\Suntree\AppData\Local\Microsoft\WindowsApps;C:\Program Files\JetBrains\IntelliJ IDEA Community Edition 2020.1\bin;C:\Users\Suntree\AppData\Local\Programs\Microsoft VS Code\bin;C:\Users\Suntree\AppData\Roaming\npm;C:\xampp\php;C:\adb;C:\WINDOWS\system32;C:\WINDOWS;C:\WINDOWS\System32\Wbem;C:\WINDOWS\System32\WindowsPowerShell\v1.0\;C:\WINDOWS\System32\OpenSSH\;C:\ProgramData\ComposerSetup\bin;C:\Program Files (x86)\GtkSharp\2.12\bin;C:\Program Files\dotnet\;C:\Users\Suntree\AppData\Local\Programs\Python\Python38\Scripts\;C:\Users\Suntree\AppData\Local\Programs\Python\Python38\;C:\Users\Suntree\AppData\Local\Microsoft\WindowsApps;C:\Program Files\JetBrains\IntelliJ IDEA Community Edition 2020.1\bin;;C:\Users\Suntree\AppData\Local\Programs\Microsoft VS Code\bin;C:\Users\Suntree\AppData\Roaming\npm;C:\xampp\php;C:\Users\Suntree\AppData\Roaming\Composer\vendor\bin;C:\Program Files\JetBrains\PyCharm Community Edition 2020.2\bin;;C:\Program Files\JetBrains\IntelliJ IDEA 2020.2.3\bin;;C:\Program Files\JetBrains\PyCharm 2020.2.3\bin;;C:\Users\Suntree\.dotnet\tools
USERNAME=Suntree
OS=Windows_NT
PROCESSOR_IDENTIFIER=Intel64 Family 6 Model 58 Stepping 9, GenuineIntel



---------------  S Y S T E M  ---------------

OS: Windows 10.0 , 64 bit Build 19041 (10.0.19041.804)

CPU:total 8 (initial active 8) (4 cores per cpu, 2 threads per core) family 6 model 58 stepping 9, cmov, cx8, fxsr, mmx, sse, sse2, sse3, ssse3, sse4.1, sse4.2, popcnt, avx, aes, clmul, erms, ht, tsc, tscinvbit, tscinv

Memory: 4k page, physical 8342856k(638836k free), swap 9778504k(9188k free)

vm_info: OpenJDK 64-Bit Server VM (25.242-b01) for windows-amd64 JRE (1.8.0_242-release-1644-b01), built by "builder" with MS VC++ 10.0 (VS2010)

time: Sat Apr 03 07:37:13 2021
timezone: SE Asia Standard Time
elapsed time: 3689 seconds (0d 1h 1m 29s)

