#
# There is insufficient memory for the Java Runtime Environment to continue.
# Native memory allocation (malloc) failed to allocate 515056 bytes for Chunk::new
# Possible reasons:
#   The system is out of physical RAM or swap space
#   The process is running with CompressedOops enabled, and the Java Heap may be blocking the growth of the native heap
# Possible solutions:
#   Reduce memory load on the system
#   Increase physical memory or swap space
#   Check if swap backing store is full
#   Decrease Java heap size (-Xmx/-Xms)
#   Decrease number of Java threads
#   Decrease Java thread stack sizes (-Xss)
#   Set larger code cache with -XX:ReservedCodeCacheSize=
#   JVM is running with Unscaled Compressed Oops mode in which the Java heap is
#     placed in the first 4GB address space. The Java Heap base address is the
#     maximum limit for the native heap growth. Please use -XX:HeapBaseMinAddress
#     to set the Java Heap base and to place the Java Heap above 4GB virtual address.
# This output file may be truncated or incomplete.
#
#  Out of Memory Error (allocation.cpp:389), pid=7332, tid=0x00000000000017d0
#
# JRE version: OpenJDK Runtime Environment (8.0_212-b04) (build 1.8.0_212-release-1586-b04)
# Java VM: OpenJDK 64-Bit Server VM (25.212-b04 mixed mode windows-amd64 compressed oops)
# Failed to write core dump. Minidumps are not enabled by default on client versions of Windows
#

---------------  T H R E A D  ---------------

Current thread (0x0000000016bfb000):  JavaThread "C2 CompilerThread2" daemon [_thread_in_native, id=6096, stack(0x00000000194e0000,0x00000000195e0000)]

Stack: [0x00000000194e0000,0x00000000195e0000]
[error occurred during error reporting (printing stack bounds), id 0xc0000005]

Native frames: (J=compiled Java code, j=interpreted, Vv=VM code, C=native code)


Current CompileTask:
C2:   8947 1365   !   4       java.lang.ClassLoader::loadClass (122 bytes)


---------------  P R O C E S S  ---------------

Java Threads: ( => current thread )
  0x0000000019e30000 JavaThread "Thread-9" [_thread_blocked, id=1136, stack(0x000000001d200000,0x000000001d300000)]
  0x000000001a041000 JavaThread "Stdin handler" [_thread_blocked, id=248, stack(0x000000001d100000,0x000000001d200000)]
  0x000000001a034800 JavaThread "Asynchronous log dispatcher for DefaultDaemonConnection: socket connection from /127.0.0.1:64394 to /127.0.0.1:64395" [_thread_blocked, id=1292, stack(0x000000001d000000,0x000000001d100000)]
  0x000000001a1da800 JavaThread "Daemon worker" [_thread_in_native, id=10412, stack(0x000000001cf00000,0x000000001d000000)]
  0x000000001a1d9800 JavaThread "Cancel handler" [_thread_blocked, id=8344, stack(0x000000001ce00000,0x000000001cf00000)]
  0x000000001a8d5000 JavaThread "Handler for socket connection from /127.0.0.1:64394 to /127.0.0.1:64395" [_thread_in_native, id=10752, stack(0x000000001cb00000,0x000000001cc00000)]
  0x000000001a8d4000 JavaThread "Daemon" [_thread_blocked, id=10420, stack(0x000000001ca00000,0x000000001cb00000)]
  0x000000001a4f3000 JavaThread "Daemon periodic checks" [_thread_blocked, id=316, stack(0x000000001c900000,0x000000001ca00000)]
  0x000000001a61c000 JavaThread "Incoming local TCP Connector on port 64394" [_thread_in_native, id=1600, stack(0x000000001c6c0000,0x000000001c7c0000)]
  0x000000001b2ea800 JavaThread "Daemon health stats" [_thread_blocked, id=4832, stack(0x000000001c080000,0x000000001c180000)]
  0x0000000018a67000 JavaThread "Service Thread" daemon [_thread_blocked, id=9252, stack(0x00000000196e0000,0x00000000197e0000)]
  0x0000000018a1d000 JavaThread "C1 CompilerThread3" daemon [_thread_blocked, id=3672, stack(0x00000000195e0000,0x00000000196e0000)]
=>0x0000000016bfb000 JavaThread "C2 CompilerThread2" daemon [_thread_in_native, id=6096, stack(0x00000000194e0000,0x00000000195e0000)]
  0x0000000018a12800 JavaThread "C2 CompilerThread1" daemon [_thread_blocked, id=1224, stack(0x00000000193e0000,0x00000000194e0000)]
  0x0000000018a11000 JavaThread "C2 CompilerThread0" daemon [_thread_blocked, id=10804, stack(0x00000000192e0000,0x00000000193e0000)]
  0x0000000018a0b000 JavaThread "Attach Listener" daemon [_thread_blocked, id=3252, stack(0x00000000191e0000,0x00000000192e0000)]
  0x0000000018a07800 JavaThread "Signal Dispatcher" daemon [_thread_blocked, id=10288, stack(0x00000000190e0000,0x00000000191e0000)]
  0x0000000002e2b800 JavaThread "Finalizer" daemon [_thread_blocked, id=10448, stack(0x0000000018ee0000,0x0000000018fe0000)]
  0x0000000018a00800 JavaThread "Reference Handler" daemon [_thread_blocked, id=5388, stack(0x0000000018de0000,0x0000000018ee0000)]
  0x000000000139e000 JavaThread "main" [_thread_blocked, id=11064, stack(0x0000000002bd0000,0x0000000002cd0000)]

Other Threads:
  0x0000000016be6800 VMThread [stack: 0x00000000188e0000,0x00000000189e0000] [id=6984]
  0x0000000018a67800 WatcherThread [stack: 0x00000000197e0000,0x00000000198e0000] [id=8972]

VM state:not at safepoint (normal execution)

VM Mutex/Monitor currently owned by a thread: None

heap address: 0x00000000a0000000, size: 1536 MB, Compressed Oops mode: 32-bit
Narrow klass base: 0x0000000000000000, Narrow klass shift: 3
Compressed class space size: 1073741824 Address: 0x0000000100000000

Heap:
 PSYoungGen      total 35328K, used 11151K [0x00000000e0000000, 0x00000000e4c00000, 0x0000000100000000)
  eden space 32768K, 26% used [0x00000000e0000000,0x00000000e0863d90,0x00000000e2000000)
  from space 2560K, 100% used [0x00000000e2000000,0x00000000e2280000,0x00000000e2280000)
  to   space 6144K, 0% used [0x00000000e4600000,0x00000000e4600000,0x00000000e4c00000)
 ParOldGen       total 44032K, used 5318K [0x00000000a0000000, 0x00000000a2b00000, 0x00000000e0000000)
  object space 44032K, 12% used [0x00000000a0000000,0x00000000a05319c8,0x00000000a2b00000)
 Metaspace       used 12721K, capacity 13098K, committed 13184K, reserved 1060864K
  class space    used 1726K, capacity 1835K, committed 1920K, reserved 1048576K

Card table byte_map: [0x00000000121f0000,0x0000000012500000] byte_map_base: 0x0000000011cf0000

Marking Bits: (ParMarkBitMap*) 0x000000005f439f30
 Begin Bits: [0x0000000012f00000, 0x0000000014700000)
 End Bits:   [0x0000000014700000, 0x0000000015f00000)

Polling page: 0x0000000000d80000

CodeCache: size=245760Kb used=4868Kb max_used=4878Kb free=240891Kb
 bounds [0x0000000002e30000, 0x0000000003300000, 0x0000000011e30000]
 total_blobs=1724 nmethods=1348 adapters=289
 compilation: enabled

Compilation events (10 events):
Event: 8.858 Thread 0x0000000018a12800 1366       4       java.util.concurrent.ConcurrentHashMap::addCount (292 bytes)
Event: 8.859 Thread 0x0000000018a11000 1367       4       java.nio.DirectLongBufferU::put (18 bytes)
Event: 8.860 Thread 0x0000000018a11000 nmethod 1367 0x0000000002f3bb50 code [0x0000000002f3bc80, 0x0000000002f3bd18]
Event: 8.861 Thread 0x0000000018a12800 nmethod 1366 0x0000000002f8b690 code [0x0000000002f8b800, 0x0000000002f8ba28]
Event: 8.880 Thread 0x0000000018a1d000 1368       3       java.io.OutputStream::<init> (5 bytes)
Event: 8.880 Thread 0x0000000018a11000 1369       4       sun.misc.ProxyGenerator$ConstantPool$IndirectEntry::hashCode (15 bytes)
Event: 8.880 Thread 0x0000000018a12800 1370       4       java.util.ArrayList$Itr::hasNext (20 bytes)
Event: 8.880 Thread 0x0000000018a1d000 nmethod 1368 0x00000000032f3ad0 code [0x00000000032f3c40, 0x00000000032f3df0]
Event: 8.880 Thread 0x0000000018a11000 nmethod 1369 0x00000000032c6390 code [0x00000000032c64c0, 0x00000000032c6538]
Event: 8.881 Thread 0x0000000018a12800 nmethod 1370 0x0000000002f50e10 code [0x0000000002f50f40, 0x0000000002f50fd8]

GC Heap History (10 events):
Event: 3.825 GC heap before
{Heap before GC invocations=1 (full 0):
 PSYoungGen      total 18944K, used 16384K [0x00000000e0000000, 0x00000000e1500000, 0x0000000100000000)
  eden space 16384K, 100% used [0x00000000e0000000,0x00000000e1000000,0x00000000e1000000)
  from space 2560K, 0% used [0x00000000e1280000,0x00000000e1280000,0x00000000e1500000)
  to   space 2560K, 0% used [0x00000000e1000000,0x00000000e1000000,0x00000000e1280000)
 ParOldGen       total 44032K, used 0K [0x00000000a0000000, 0x00000000a2b00000, 0x00000000e0000000)
  object space 44032K, 0% used [0x00000000a0000000,0x00000000a0000000,0x00000000a2b00000)
 Metaspace       used 6035K, capacity 6272K, committed 6528K, reserved 1056768K
  class space    used 724K, capacity 780K, committed 896K, reserved 1048576K
Event: 3.848 GC heap after
Heap after GC invocations=1 (full 0):
 PSYoungGen      total 18944K, used 2544K [0x00000000e0000000, 0x00000000e1500000, 0x0000000100000000)
  eden space 16384K, 0% used [0x00000000e0000000,0x00000000e0000000,0x00000000e1000000)
  from space 2560K, 99% used [0x00000000e1000000,0x00000000e127c030,0x00000000e1280000)
  to   space 2560K, 0% used [0x00000000e1280000,0x00000000e1280000,0x00000000e1500000)
 ParOldGen       total 44032K, used 133K [0x00000000a0000000, 0x00000000a2b00000, 0x00000000e0000000)
  object space 44032K, 0% used [0x00000000a0000000,0x00000000a0021428,0x00000000a2b00000)
 Metaspace       used 6035K, capacity 6272K, committed 6528K, reserved 1056768K
  class space    used 724K, capacity 780K, committed 896K, reserved 1048576K
}
Event: 4.232 GC heap before
{Heap before GC invocations=2 (full 0):
 PSYoungGen      total 18944K, used 18928K [0x00000000e0000000, 0x00000000e1500000, 0x0000000100000000)
  eden space 16384K, 100% used [0x00000000e0000000,0x00000000e1000000,0x00000000e1000000)
  from space 2560K, 99% used [0x00000000e1000000,0x00000000e127c030,0x00000000e1280000)
  to   space 2560K, 0% used [0x00000000e1280000,0x00000000e1280000,0x00000000e1500000)
 ParOldGen       total 44032K, used 133K [0x00000000a0000000, 0x00000000a2b00000, 0x00000000e0000000)
  object space 44032K, 0% used [0x00000000a0000000,0x00000000a0021428,0x00000000a2b00000)
 Metaspace       used 7023K, capacity 7264K, committed 7424K, reserved 1056768K
  class space    used 855K, capacity 940K, committed 1024K, reserved 1048576K
Event: 4.243 GC heap after
Heap after GC invocations=2 (full 0):
 PSYoungGen      total 18944K, used 2538K [0x00000000e0000000, 0x00000000e2500000, 0x0000000100000000)
  eden space 16384K, 0% used [0x00000000e0000000,0x00000000e0000000,0x00000000e1000000)
  from space 2560K, 99% used [0x00000000e1280000,0x00000000e14fa910,0x00000000e1500000)
  to   space 2560K, 0% used [0x00000000e1000000,0x00000000e1000000,0x00000000e1280000)
 ParOldGen       total 44032K, used 867K [0x00000000a0000000, 0x00000000a2b00000, 0x00000000e0000000)
  object space 44032K, 1% used [0x00000000a0000000,0x00000000a00d8d00,0x00000000a2b00000)
 Metaspace       used 7023K, capacity 7264K, committed 7424K, reserved 1056768K
  class space    used 855K, capacity 940K, committed 1024K, reserved 1048576K
}
Event: 4.500 GC heap before
{Heap before GC invocations=3 (full 0):
 PSYoungGen      total 18944K, used 18922K [0x00000000e0000000, 0x00000000e2500000, 0x0000000100000000)
  eden space 16384K, 100% used [0x00000000e0000000,0x00000000e1000000,0x00000000e1000000)
  from space 2560K, 99% used [0x00000000e1280000,0x00000000e14fa910,0x00000000e1500000)
  to   space 2560K, 0% used [0x00000000e1000000,0x00000000e1000000,0x00000000e1280000)
 ParOldGen       total 44032K, used 867K [0x00000000a0000000, 0x00000000a2b00000, 0x00000000e0000000)
  object space 44032K, 1% used [0x00000000a0000000,0x00000000a00d8d00,0x00000000a2b00000)
 Metaspace       used 7124K, capacity 7392K, committed 7680K, reserved 1056768K
  class space    used 863K, capacity 940K, committed 1024K, reserved 1048576K
Event: 4.501 GC heap after
Heap after GC invocations=3 (full 0):
 PSYoungGen      total 18944K, used 2392K [0x00000000e0000000, 0x00000000e2500000, 0x0000000100000000)
  eden space 16384K, 0% used [0x00000000e0000000,0x00000000e0000000,0x00000000e1000000)
  from space 2560K, 93% used [0x00000000e1000000,0x00000000e1256370,0x00000000e1280000)
  to   space 2560K, 0% used [0x00000000e2280000,0x00000000e2280000,0x00000000e2500000)
 ParOldGen       total 44032K, used 875K [0x00000000a0000000, 0x00000000a2b00000, 0x00000000e0000000)
  object space 44032K, 1% used [0x00000000a0000000,0x00000000a00dad00,0x00000000a2b00000)
 Metaspace       used 7124K, capacity 7392K, committed 7680K, reserved 1056768K
  class space    used 863K, capacity 940K, committed 1024K, reserved 1048576K
}
Event: 4.661 GC heap before
{Heap before GC invocations=4 (full 0):
 PSYoungGen      total 18944K, used 18776K [0x00000000e0000000, 0x00000000e2500000, 0x0000000100000000)
  eden space 16384K, 100% used [0x00000000e0000000,0x00000000e1000000,0x00000000e1000000)
  from space 2560K, 93% used [0x00000000e1000000,0x00000000e1256370,0x00000000e1280000)
  to   space 2560K, 0% used [0x00000000e2280000,0x00000000e2280000,0x00000000e2500000)
 ParOldGen       total 44032K, used 875K [0x00000000a0000000, 0x00000000a2b00000, 0x00000000e0000000)
  object space 44032K, 1% used [0x00000000a0000000,0x00000000a00dad00,0x00000000a2b00000)
 Metaspace       used 7341K, capacity 7578K, committed 7680K, reserved 1056768K
  class space    used 905K, capacity 981K, committed 1024K, reserved 1048576K
Event: 4.664 GC heap after
Heap after GC invocations=4 (full 0):
 PSYoungGen      total 35328K, used 2544K [0x00000000e0000000, 0x00000000e2500000, 0x0000000100000000)
  eden space 32768K, 0% used [0x00000000e0000000,0x00000000e0000000,0x00000000e2000000)
  from space 2560K, 99% used [0x00000000e2280000,0x00000000e24fc030,0x00000000e2500000)
  to   space 2560K, 0% used [0x00000000e2000000,0x00000000e2000000,0x00000000e2280000)
 ParOldGen       total 44032K, used 1629K [0x00000000a0000000, 0x00000000a2b00000, 0x00000000e0000000)
  object space 44032K, 3% used [0x00000000a0000000,0x00000000a01975f0,0x00000000a2b00000)
 Metaspace       used 7341K, capacity 7578K, committed 7680K, reserved 1056768K
  class space    used 905K, capacity 981K, committed 1024K, reserved 1048576K
}
Event: 8.628 GC heap before
{Heap before GC invocations=5 (full 0):
 PSYoungGen      total 35328K, used 35312K [0x00000000e0000000, 0x00000000e2500000, 0x0000000100000000)
  eden space 32768K, 100% used [0x00000000e0000000,0x00000000e2000000,0x00000000e2000000)
  from space 2560K, 99% used [0x00000000e2280000,0x00000000e24fc030,0x00000000e2500000)
  to   space 2560K, 0% used [0x00000000e2000000,0x00000000e2000000,0x00000000e2280000)
 ParOldGen       total 44032K, used 1629K [0x00000000a0000000, 0x00000000a2b00000, 0x00000000e0000000)
  object space 44032K, 3% used [0x00000000a0000000,0x00000000a01975f0,0x00000000a2b00000)
 Metaspace       used 12331K, capacity 12746K, committed 12928K, reserved 1060864K
  class space    used 1650K, capacity 1803K, committed 1920K, reserved 1048576K
Event: 8.640 GC heap after
Heap after GC invocations=5 (full 0):
 PSYoungGen      total 35328K, used 2560K [0x00000000e0000000, 0x00000000e4c00000, 0x0000000100000000)
  eden space 32768K, 0% used [0x00000000e0000000,0x00000000e0000000,0x00000000e2000000)
  from space 2560K, 100% used [0x00000000e2000000,0x00000000e2280000,0x00000000e2280000)
  to   space 6144K, 0% used [0x00000000e4600000,0x00000000e4600000,0x00000000e4c00000)
 ParOldGen       total 44032K, used 5318K [0x00000000a0000000, 0x00000000a2b00000, 0x00000000e0000000)
  object space 44032K, 12% used [0x00000000a0000000,0x00000000a05319c8,0x00000000a2b00000)
 Metaspace       used 12331K, capacity 12746K, committed 12928K, reserved 1060864K
  class space    used 1650K, capacity 1803K, committed 1920K, reserved 1048576K
}

Deoptimization events (10 events):
Event: 4.715 Thread 0x000000000139e000 Uncommon trap: reason=class_check action=maybe_recompile pc=0x000000000310e918 method=java.util.regex.Matcher.match(II)Z @ 86
Event: 5.835 Thread 0x000000000139e000 Uncommon trap: reason=unstable_if action=reinterpret pc=0x00000000030b1bc8 method=java.util.HashMap.getNode(ILjava/lang/Object;)Ljava/util/HashMap$Node; @ 129
Event: 5.835 Thread 0x000000000139e000 Uncommon trap: reason=class_check action=maybe_recompile pc=0x000000000305401c method=java.util.HashMap.putVal(ILjava/lang/Object;Ljava/lang/Object;ZZ)Ljava/lang/Object; @ 203
Event: 7.385 Thread 0x000000000139e000 Uncommon trap: reason=unstable_if action=reinterpret pc=0x00000000030d990c method=java.io.WinNTFileSystem.normalize(Ljava/lang/String;)Ljava/lang/String; @ 128
Event: 8.090 Thread 0x000000001a8d5000 Uncommon trap: reason=unstable_if action=reinterpret pc=0x000000000321346c method=java.util.concurrent.ConcurrentHashMap.putVal(Ljava/lang/Object;Ljava/lang/Object;Z)Ljava/lang/Object; @ 206
Event: 8.237 Thread 0x000000001a1da800 Uncommon trap: reason=bimorphic action=maybe_recompile pc=0x0000000003053fd4 method=java.util.HashMap.putVal(ILjava/lang/Object;Ljava/lang/Object;ZZ)Ljava/lang/Object; @ 253
Event: 8.237 Thread 0x000000001a1da800 Uncommon trap: reason=bimorphic action=maybe_recompile pc=0x0000000003053fd4 method=java.util.HashMap.putVal(ILjava/lang/Object;Ljava/lang/Object;ZZ)Ljava/lang/Object; @ 253
Event: 8.237 Thread 0x000000001a1da800 Uncommon trap: reason=bimorphic action=maybe_recompile pc=0x0000000003053fd4 method=java.util.HashMap.putVal(ILjava/lang/Object;Ljava/lang/Object;ZZ)Ljava/lang/Object; @ 253
Event: 8.237 Thread 0x000000001a1da800 Uncommon trap: reason=bimorphic action=maybe_recompile pc=0x0000000003053fd4 method=java.util.HashMap.putVal(ILjava/lang/Object;Ljava/lang/Object;ZZ)Ljava/lang/Object; @ 253
Event: 8.237 Thread 0x000000001a1da800 Uncommon trap: reason=bimorphic action=maybe_recompile pc=0x000000000305a1e0 method=java.util.HashMap.putVal(ILjava/lang/Object;Ljava/lang/Object;ZZ)Ljava/lang/Object; @ 253

Classes redefined (0 events):
No events

Internal exceptions (10 events):
Event: 8.109 Thread 0x000000001a8d5000 Exception <a 'java/lang/NoSuchMethodError': <clinit>> (0x00000000e18956a0) thrown at [D:\src\AOSP-openjdk-cygwin\jdk8u\hotspot\src\share\vm\prims\jni.cpp, line 1614]
Event: 8.124 Thread 0x000000001a8d5000 Exception <a 'java/lang/NoSuchMethodError': <clinit>> (0x00000000e18a8880) thrown at [D:\src\AOSP-openjdk-cygwin\jdk8u\hotspot\src\share\vm\prims\jni.cpp, line 1614]
Event: 8.136 Thread 0x000000001a8d5000 Exception <a 'java/lang/NoSuchMethodError': <clinit>> (0x00000000e18cfc70) thrown at [D:\src\AOSP-openjdk-cygwin\jdk8u\hotspot\src\share\vm\prims\jni.cpp, line 1614]
Event: 8.139 Thread 0x000000001a8d5000 Exception <a 'java/lang/NoSuchMethodError': <clinit>> (0x00000000e18e7c70) thrown at [D:\src\AOSP-openjdk-cygwin\jdk8u\hotspot\src\share\vm\prims\jni.cpp, line 1614]
Event: 8.140 Thread 0x000000001a8d5000 Exception <a 'java/lang/NoSuchMethodError': <clinit>> (0x00000000e18f0900) thrown at [D:\src\AOSP-openjdk-cygwin\jdk8u\hotspot\src\share\vm\prims\jni.cpp, line 1614]
Event: 8.143 Thread 0x000000001a8d5000 Exception <a 'java/lang/NoSuchMethodError': <clinit>> (0x00000000e1906f10) thrown at [D:\src\AOSP-openjdk-cygwin\jdk8u\hotspot\src\share\vm\prims\jni.cpp, line 1614]
Event: 8.158 Thread 0x000000001a8d5000 Exception <a 'java/lang/NoSuchMethodError': <clinit>> (0x00000000e1965288) thrown at [D:\src\AOSP-openjdk-cygwin\jdk8u\hotspot\src\share\vm\prims\jni.cpp, line 1614]
Event: 8.164 Thread 0x000000001a8d5000 Exception <a 'java/lang/NoSuchMethodError': <clinit>> (0x00000000e1991fa8) thrown at [D:\src\AOSP-openjdk-cygwin\jdk8u\hotspot\src\share\vm\prims\jni.cpp, line 1614]
Event: 8.169 Thread 0x000000001a8d5000 Exception <a 'java/lang/NoSuchMethodError': <clinit>> (0x00000000e19c07d8) thrown at [D:\src\AOSP-openjdk-cygwin\jdk8u\hotspot\src\share\vm\prims\jni.cpp, line 1614]
Event: 8.170 Thread 0x000000001a8d5000 Exception <a 'java/lang/NoSuchMethodError': <clinit>> (0x00000000e19cbbe0) thrown at [D:\src\AOSP-openjdk-cygwin\jdk8u\hotspot\src\share\vm\prims\jni.cpp, line 1614]

Events (10 events):
Event: 8.903 loading class org/gradle/tooling/internal/provider/runner/TaskOriginTracker
Event: 8.903 loading class org/gradle/tooling/internal/provider/runner/TaskOriginTracker done
Event: 8.903 loading class org/gradle/tooling/internal/provider/runner/ClientForwardingTaskOperationListener
Event: 8.903 loading class org/gradle/tooling/internal/provider/runner/ClientForwardingTaskOperationListener done
Event: 8.904 loading class org/gradle/tooling/internal/provider/runner/SubtreeFilteringBuildOperationListener
Event: 8.904 loading class org/gradle/tooling/internal/provider/runner/SubtreeFilteringBuildOperationListener done
Event: 8.905 loading class org/gradle/execution/plan/Node
Event: 8.905 loading class org/gradle/execution/plan/Node done
Event: 8.911 loading class org/gradle/execution/plan/LocalTaskNode
Event: 8.911 loading class org/gradle/execution/plan/LocalTaskNode done


Dynamic libraries:
0x00007ff6e9480000 - 0x00007ff6e94b1000 	C:\Program Files\Android\Android Studio\jre\bin\java.exe
0x00007ffdc8fe0000 - 0x00007ffdc91d0000 	C:\Windows\SYSTEM32\ntdll.dll
0x00007ffdc7840000 - 0x00007ffdc78f2000 	C:\Windows\System32\KERNEL32.DLL
0x00007ffdc6290000 - 0x00007ffdc6533000 	C:\Windows\System32\KERNELBASE.dll
0x00007ffdc8560000 - 0x00007ffdc8603000 	C:\Windows\System32\ADVAPI32.dll
0x00007ffdc8e20000 - 0x00007ffdc8ebe000 	C:\Windows\System32\msvcrt.dll
0x00007ffdc7fe0000 - 0x00007ffdc8077000 	C:\Windows\System32\sechost.dll
0x00007ffdc7900000 - 0x00007ffdc7a20000 	C:\Windows\System32\RPCRT4.dll
0x00007ffdc8080000 - 0x00007ffdc8214000 	C:\Windows\System32\USER32.dll
0x00007ffdc6ed0000 - 0x00007ffdc6ef1000 	C:\Windows\System32\win32u.dll
0x00007ffdc8ec0000 - 0x00007ffdc8ee6000 	C:\Windows\System32\GDI32.dll
0x00007ffdc6540000 - 0x00007ffdc66d4000 	C:\Windows\System32\gdi32full.dll
0x00007ffdc60f0000 - 0x00007ffdc618e000 	C:\Windows\System32\msvcp_win.dll
0x00007ffdc6190000 - 0x00007ffdc628a000 	C:\Windows\System32\ucrtbase.dll
0x00007ffdbea50000 - 0x00007ffdbecd5000 	C:\Windows\WinSxS\amd64_microsoft.windows.common-controls_6595b64144ccf1df_6.0.18362.778_none_e6c6b761130d4fb8\COMCTL32.dll
0x00007ffdc7b50000 - 0x00007ffdc7e86000 	C:\Windows\System32\combase.dll
0x00007ffdc6f00000 - 0x00007ffdc6f80000 	C:\Windows\System32\bcryptPrimitives.dll
0x00007ffdc8f70000 - 0x00007ffdc8f9e000 	C:\Windows\System32\IMM32.DLL
0x000000005fb30000 - 0x000000005fc02000 	C:\Program Files\Android\Android Studio\jre\jre\bin\msvcr100.dll
0x000000005ec70000 - 0x000000005f4b6000 	C:\Program Files\Android\Android Studio\jre\jre\bin\server\jvm.dll
0x00007ffdc8700000 - 0x00007ffdc8708000 	C:\Windows\System32\PSAPI.DLL
0x00007ffdc1fb0000 - 0x00007ffdc1fba000 	C:\Windows\SYSTEM32\VERSION.dll
0x00007ffdc0c40000 - 0x00007ffdc0c49000 	C:\Windows\SYSTEM32\WSOCK32.dll
0x00007ffdc3120000 - 0x00007ffdc3144000 	C:\Windows\SYSTEM32\WINMM.dll
0x00007ffdc8690000 - 0x00007ffdc86ff000 	C:\Windows\System32\WS2_32.dll
0x00007ffdc2b30000 - 0x00007ffdc2b5d000 	C:\Windows\SYSTEM32\WINMMBASE.dll
0x00007ffdc6e80000 - 0x00007ffdc6eca000 	C:\Windows\System32\cfgmgr32.dll
0x00007ffdc0ba0000 - 0x00007ffdc0baf000 	C:\Program Files\Android\Android Studio\jre\jre\bin\verify.dll
0x00007ffdbcb40000 - 0x00007ffdbcb69000 	C:\Program Files\Android\Android Studio\jre\jre\bin\java.dll
0x00007ffdbcaf0000 - 0x00007ffdbcb06000 	C:\Program Files\Android\Android Studio\jre\jre\bin\zip.dll
0x00007ffdc8730000 - 0x00007ffdc8e15000 	C:\Windows\System32\SHELL32.dll
0x00007ffdc7090000 - 0x00007ffdc7139000 	C:\Windows\System32\shcore.dll
0x00007ffdc66e0000 - 0x00007ffdc6e60000 	C:\Windows\System32\windows.storage.dll
0x00007ffdc5f20000 - 0x00007ffdc5f43000 	C:\Windows\System32\profapi.dll
0x00007ffdc5ed0000 - 0x00007ffdc5f1a000 	C:\Windows\System32\powrprof.dll
0x00007ffdc5ea0000 - 0x00007ffdc5eb0000 	C:\Windows\System32\UMPDC.dll
0x00007ffdc7a20000 - 0x00007ffdc7a72000 	C:\Windows\System32\shlwapi.dll
0x00007ffdc5eb0000 - 0x00007ffdc5ec1000 	C:\Windows\System32\kernel.appcore.dll
0x00007ffdc6e60000 - 0x00007ffdc6e77000 	C:\Windows\System32\cryptsp.dll
0x00007ffdbcad0000 - 0x00007ffdbcaea000 	C:\Program Files\Android\Android Studio\jre\jre\bin\net.dll
0x00007ffdbbfe0000 - 0x00007ffdbc1b5000 	C:\Windows\SYSTEM32\urlmon.dll
0x00007ffdbc2e0000 - 0x00007ffdbc586000 	C:\Windows\SYSTEM32\iertutil.dll
0x00007ffdc58e0000 - 0x00007ffdc58ec000 	C:\Windows\SYSTEM32\CRYPTBASE.DLL
0x00007ffdc5710000 - 0x00007ffdc5777000 	C:\Windows\system32\mswsock.dll
0x00007ffdbcab0000 - 0x00007ffdbcac3000 	C:\Program Files\Android\Android Studio\jre\jre\bin\nio.dll
0x00007ffdbcb80000 - 0x00007ffdbcba6000 	C:\Users\Suntree\.gradle\native\30\windows-amd64\native-platform.dll
0x00007ffdbf140000 - 0x00007ffdbf14d000 	C:\Program Files\Android\Android Studio\jre\jre\bin\management.dll
0x00007ffdc5280000 - 0x00007ffdc52b3000 	C:\Windows\system32\rsaenh.dll
0x00007ffdc60c0000 - 0x00007ffdc60e6000 	C:\Windows\System32\bcrypt.dll
0x00007ffdc5dc0000 - 0x00007ffdc5de5000 	C:\Windows\SYSTEM32\USERENV.dll
0x00007ffdc5420000 - 0x00007ffdc545a000 	C:\Windows\SYSTEM32\IPHLPAPI.DLL
0x00007ffdc8680000 - 0x00007ffdc8688000 	C:\Windows\System32\NSI.dll
0x00007ffdba5e0000 - 0x00007ffdba5f6000 	C:\Windows\SYSTEM32\dhcpcsvc6.DLL
0x00007ffdbae70000 - 0x00007ffdbae8c000 	C:\Windows\SYSTEM32\dhcpcsvc.DLL
0x00007ffdc5460000 - 0x00007ffdc552a000 	C:\Windows\SYSTEM32\DNSAPI.dll

VM Arguments:
jvm_args: -Xmx1536m -Dfile.encoding=windows-1252 -Duser.country=ID -Duser.language=en -Duser.variant 
java_command: org.gradle.launcher.daemon.bootstrap.GradleDaemon 5.6.4
java_class_path (initial): C:\Users\Suntree\.gradle\wrapper\dists\gradle-5.6.4-all\ankdp27end7byghfw1q2sw75f\gradle-5.6.4\lib\gradle-launcher-5.6.4.jar
Launcher Type: SUN_STANDARD

Environment Variables:
PATH=C:\Program Files (x86)\Common Files\Oracle\Java\javapath;C:\Windows\system32;C:\Windows;C:\Windows\System32\Wbem;C:\Windows\System32\WindowsPowerShell\v1.0\;C:\Windows\System32\OpenSSH\;C:\Program Files\Java\jdk1.8.0_241\bin;C:\Program Files\kotlinc\bin;C:\Users\Suntree\AppData\Local\Microsoft\WindowsApps;;C:\Program Files\JetBrains\IntelliJ IDEA Community Edition 2020.1\bin;
USERNAME=Suntree
OS=Windows_NT
PROCESSOR_IDENTIFIER=Intel64 Family 6 Model 58 Stepping 9, GenuineIntel



---------------  S Y S T E M  ---------------

OS: Windows 10.0 , 64 bit Build 18362 (10.0.18362.778)

CPU:total 8 (initial active 8) (4 cores per cpu, 2 threads per core) family 6 model 58 stepping 9, cmov, cx8, fxsr, mmx, sse, sse2, sse3, ssse3, sse4.1, sse4.2, popcnt, avx, aes, clmul, erms, ht, tsc, tscinvbit, tscinv

Memory: 4k page, physical 4148552k(146076k free), swap 5584200k(5268k free)

vm_info: OpenJDK 64-Bit Server VM (25.212-b04) for windows-amd64 JRE (1.8.0_212-release-1586-b04), built by "builder" with MS VC++ 10.0 (VS2010)

time: Mon May 11 16:42:57 2020
timezone: SE Asia Standard Time
elapsed time: 8 seconds (0d 0h 0m 8s)

